This is pdfTeX, Version 3.14159265-2.6-1.40.16 (MiKTeX 2.9 64-bit) (preloaded format=pdflatex 2016.5.18)  5 AUG 2018 19:25
entering extended mode
**C:/Users/Chris/Desktop/wwt_studies_Git_Clone/coherent_structures_dmd.tex
(C:/Users/Chris/Desktop/wwt_studies_Git_Clone/coherent_structures_dmd.tex
LaTeX2e <2015/10/01> patch level 2
Babel <3.9n> and hyphenation patterns for 69 languages loaded.
("C:\Users\Chris\AppData\Local\Programs\MiKTeX 2.9\tex\latex\base\article.cls"
Document Class: article 2014/09/29 v1.4h Standard LaTeX document class
("C:\Users\Chris\AppData\Local\Programs\MiKTeX 2.9\tex\latex\base\size11.clo"
File: size11.clo 2014/09/29 v1.4h Standard LaTeX file (size option)
)
\c@part=\count79
\c@section=\count80
\c@subsection=\count81
\c@subsubsection=\count82
\c@paragraph=\count83
\c@subparagraph=\count84
\c@figure=\count85
\c@table=\count86
\abovecaptionskip=\skip41
\belowcaptionskip=\skip42
\bibindent=\dimen102
)
("C:\Users\Chris\AppData\Local\Programs\MiKTeX 2.9\tex\latex\amsmath\amsmath.st
y"
Package: amsmath 2013/01/14 v2.14 AMS math features
\@mathmargin=\skip43

For additional information on amsmath, use the `?' option.

("C:\Users\Chris\AppData\Local\Programs\MiKTeX 2.9\tex\latex\amsmath\amstext.st
y"
Package: amstext 2000/06/29 v2.01

("C:\Users\Chris\AppData\Local\Programs\MiKTeX 2.9\tex\latex\amsmath\amsgen.sty
"
File: amsgen.sty 1999/11/30 v2.0
\@emptytoks=\toks14
\ex@=\dimen103
))
("C:\Users\Chris\AppData\Local\Programs\MiKTeX 2.9\tex\latex\amsmath\amsbsy.sty
"
Package: amsbsy 1999/11/29 v1.2d
\pmbraise@=\dimen104
)
("C:\Users\Chris\AppData\Local\Programs\MiKTeX 2.9\tex\latex\amsmath\amsopn.sty
"
Package: amsopn 1999/12/14 v2.01 operator names
)
\inf@bad=\count87
LaTeX Info: Redefining \frac on input line 210.
\uproot@=\count88
\leftroot@=\count89
LaTeX Info: Redefining \overline on input line 306.
\classnum@=\count90
\DOTSCASE@=\count91
LaTeX Info: Redefining \ldots on input line 378.
LaTeX Info: Redefining \dots on input line 381.
LaTeX Info: Redefining \cdots on input line 466.
\Mathstrutbox@=\box26
\strutbox@=\box27
\big@size=\dimen105
LaTeX Font Info:    Redeclaring font encoding OML on input line 566.
LaTeX Font Info:    Redeclaring font encoding OMS on input line 567.
\macc@depth=\count92
\c@MaxMatrixCols=\count93
\dotsspace@=\muskip10
\c@parentequation=\count94
\dspbrk@lvl=\count95
\tag@help=\toks15
\row@=\count96
\column@=\count97
\maxfields@=\count98
\andhelp@=\toks16
\eqnshift@=\dimen106
\alignsep@=\dimen107
\tagshift@=\dimen108
\tagwidth@=\dimen109
\totwidth@=\dimen110
\lineht@=\dimen111
\@envbody=\toks17
\multlinegap=\skip44
\multlinetaggap=\skip45
\mathdisplay@stack=\toks18
LaTeX Info: Redefining \[ on input line 2665.
LaTeX Info: Redefining \] on input line 2666.
)
("C:\Users\Chris\AppData\Local\Programs\MiKTeX 2.9\tex\latex\amsfonts\amssymb.s
ty"
Package: amssymb 2013/01/14 v3.01 AMS font symbols

("C:\Users\Chris\AppData\Local\Programs\MiKTeX 2.9\tex\latex\amsfonts\amsfonts.
sty"
Package: amsfonts 2013/01/14 v3.01 Basic AMSFonts support
\symAMSa=\mathgroup4
\symAMSb=\mathgroup5
LaTeX Font Info:    Overwriting math alphabet `\mathfrak' in version `bold'
(Font)                  U/euf/m/n --> U/euf/b/n on input line 106.
))
("C:\Users\Chris\AppData\Local\Programs\MiKTeX 2.9\tex\latex\graphics\graphicx.
sty"
Package: graphicx 2014/10/28 v1.0g Enhanced LaTeX Graphics (DPC,SPQR)

("C:\Users\Chris\AppData\Local\Programs\MiKTeX 2.9\tex\latex\graphics\keyval.st
y"
Package: keyval 2014/10/28 v1.15 key=value parser (DPC)
\KV@toks@=\toks19
)
("C:\Users\Chris\AppData\Local\Programs\MiKTeX 2.9\tex\latex\graphics\graphics.
sty"
Package: graphics 2014/10/28 v1.0p Standard LaTeX Graphics (DPC,SPQR)

("C:\Users\Chris\AppData\Local\Programs\MiKTeX 2.9\tex\latex\graphics\trig.sty"
Package: trig 1999/03/16 v1.09 sin cos tan (DPC)
)
("C:\Users\Chris\AppData\Local\Programs\MiKTeX 2.9\tex\latex\00miktex\graphics.
cfg"
File: graphics.cfg 2007/01/18 v1.5 graphics configuration of teTeX/TeXLive
)
Package graphics Info: Driver file: pdftex.def on input line 94.

("C:\Users\Chris\AppData\Local\Programs\MiKTeX 2.9\tex\latex\pdftex-def\pdftex.
def"
File: pdftex.def 2011/05/27 v0.06d Graphics/color for pdfTeX

("C:\Users\Chris\AppData\Local\Programs\MiKTeX 2.9\tex\generic\oberdiek\infware
rr.sty"
Package: infwarerr 2010/04/08 v1.3 Providing info/warning/error messages (HO)
)
("C:\Users\Chris\AppData\Local\Programs\MiKTeX 2.9\tex\generic\oberdiek\ltxcmds
.sty"
Package: ltxcmds 2011/11/09 v1.22 LaTeX kernel commands for general use (HO)
)
\Gread@gobject=\count99
))
\Gin@req@height=\dimen112
\Gin@req@width=\dimen113
)
("C:\Users\Chris\AppData\Local\Programs\MiKTeX 2.9\tex\latex\oberdiek\epstopdf.
sty"
Package: epstopdf 2010/02/09 v2.5 Conversion with epstopdf on the fly (HO)

("C:\Users\Chris\AppData\Local\Programs\MiKTeX 2.9\tex\latex\oberdiek\epstopdf-
base.sty"
Package: epstopdf-base 2010/02/09 v2.5 Base part for package epstopdf

("C:\Users\Chris\AppData\Local\Programs\MiKTeX 2.9\tex\latex\oberdiek\grfext.st
y"
Package: grfext 2010/08/19 v1.1 Manage graphics extensions (HO)

("C:\Users\Chris\AppData\Local\Programs\MiKTeX 2.9\tex\generic\oberdiek\kvdefin
ekeys.sty"
Package: kvdefinekeys 2011/04/07 v1.3 Define keys (HO)
))
("C:\Users\Chris\AppData\Local\Programs\MiKTeX 2.9\tex\latex\oberdiek\kvoptions
.sty"
Package: kvoptions 2011/06/30 v3.11 Key value format for package options (HO)

("C:\Users\Chris\AppData\Local\Programs\MiKTeX 2.9\tex\generic\oberdiek\kvsetke
ys.sty"
Package: kvsetkeys 2012/04/25 v1.16 Key value parser (HO)

("C:\Users\Chris\AppData\Local\Programs\MiKTeX 2.9\tex\generic\oberdiek\etexcmd
s.sty"
Package: etexcmds 2011/02/16 v1.5 Avoid name clashes with e-TeX commands (HO)

("C:\Users\Chris\AppData\Local\Programs\MiKTeX 2.9\tex\generic\oberdiek\ifluate
x.sty"
Package: ifluatex 2010/03/01 v1.3 Provides the ifluatex switch (HO)
Package ifluatex Info: LuaTeX not detected.
)
Package etexcmds Info: Could not find \expanded.
(etexcmds)             That can mean that you are not using pdfTeX 1.50 or
(etexcmds)             that some package has redefined \expanded.
(etexcmds)             In the latter case, load this package earlier.
)))
("C:\Users\Chris\AppData\Local\Programs\MiKTeX 2.9\tex\generic\oberdiek\pdftexc
mds.sty"
Package: pdftexcmds 2011/11/29 v0.20 Utility functions of pdfTeX for LuaTeX (HO
)

("C:\Users\Chris\AppData\Local\Programs\MiKTeX 2.9\tex\generic\oberdiek\ifpdf.s
ty"
Package: ifpdf 2011/01/30 v2.3 Provides the ifpdf switch (HO)
Package ifpdf Info: pdfTeX in PDF mode is detected.
)
Package pdftexcmds Info: LuaTeX not detected.
Package pdftexcmds Info: \pdf@primitive is available.
Package pdftexcmds Info: \pdf@ifprimitive is available.
Package pdftexcmds Info: \pdfdraftmode found.
)
Package grfext Info: Graphics extension search list:
(grfext)             [.png,.pdf,.jpg,.mps,.jpeg,.jbig2,.jb2,.PNG,.PDF,.JPG,.JPE
G,.JBIG2,.JB2,.eps]
(grfext)             \AppendGraphicsExtensions on input line 452.
)) (coherent_structures_dmd.aux)
\openout1 = `coherent_structures_dmd.aux'.

LaTeX Font Info:    Checking defaults for OML/cmm/m/it on input line 55.
LaTeX Font Info:    ... okay on input line 55.
LaTeX Font Info:    Checking defaults for T1/cmr/m/n on input line 55.
LaTeX Font Info:    ... okay on input line 55.
LaTeX Font Info:    Checking defaults for OT1/cmr/m/n on input line 55.
LaTeX Font Info:    ... okay on input line 55.
LaTeX Font Info:    Checking defaults for OMS/cmsy/m/n on input line 55.
LaTeX Font Info:    ... okay on input line 55.
LaTeX Font Info:    Checking defaults for OMX/cmex/m/n on input line 55.
LaTeX Font Info:    ... okay on input line 55.
LaTeX Font Info:    Checking defaults for U/cmr/m/n on input line 55.
LaTeX Font Info:    ... okay on input line 55.

("C:\Users\Chris\AppData\Local\Programs\MiKTeX 2.9\tex\context\base\supp-pdf.mk
ii"
[Loading MPS to PDF converter (version 2006.09.02).]
\scratchcounter=\count100
\scratchdimen=\dimen114
\scratchbox=\box28
\nofMPsegments=\count101
\nofMParguments=\count102
\everyMPshowfont=\toks20
\MPscratchCnt=\count103
\MPscratchDim=\dimen115
\MPnumerator=\count104
\makeMPintoPDFobject=\count105
\everyMPtoPDFconversion=\toks21
)
LaTeX Font Info:    Try loading font information for U+msa on input line 56.
 ("C:\Users\Chris\AppData\Local\Programs\MiKTeX 2.9\tex\latex\amsfonts\umsa.fd"
File: umsa.fd 2013/01/14 v3.01 AMS symbols A
)
LaTeX Font Info:    Try loading font information for U+msb on input line 56.
 ("C:\Users\Chris\AppData\Local\Programs\MiKTeX 2.9\tex\latex\amsfonts\umsb.fd"
File: umsb.fd 2013/01/14 v3.01 AMS symbols B
)
Overfull \hbox (4.05455pt too wide) in paragraph at lines 60--61
[]\OT1/cmr/m/n/10.95 This break-down is best char-ac-ter-ized by the for-ma-tio
n of long-wavelength,
 []

[1

{C:/Users/Chris/AppData/Local/MiKTeX/2.9/pdftex/config/pdftex.map}] [2]
[3]
Package epstopdf Info: Source file: <amplitude_wwt_K_128_Lx_128_tf_1pt5e4.eps>
(epstopdf)                    date: 2018-08-05 19:21:43
(epstopdf)                    size: 171784 bytes
(epstopdf)             Output file: <amplitude_wwt_K_128_Lx_128_tf_1pt5e4-eps-c
onverted-to.pdf>
(epstopdf)                    date: 2018-08-05 19:22:49
(epstopdf)                    size: 20155 bytes
(epstopdf)             Command: <epstopdf --outfile=amplitude_wwt_K_128_Lx_128_
tf_1pt5e4-eps-converted-to.pdf amplitude_wwt_K_128_Lx_128_tf_1pt5e4.eps>
(epstopdf)             \includegraphics on input line 135.
Package epstopdf Info: Output file is already uptodate.

<amplitude_wwt_K_128_Lx_128_tf_1pt5e4-eps-converted-to.pdf, id=24, 697.60625pt 
x 483.8075pt>
File: amplitude_wwt_K_128_Lx_128_tf_1pt5e4-eps-converted-to.pdf Graphic file (t
ype pdf)
 <use amplitude_wwt_K_128_Lx_128_tf_1pt5e4-eps-converted-to.pdf>
Package pdftex.def Info: amplitude_wwt_K_128_Lx_128_tf_1pt5e4-eps-converted-to.
pdf used on input line 135.
(pdftex.def)             Requested size: 251.9989pt x 174.76852pt.
Package epstopdf Info: Source file: <dmd1_amplitude_wwt_K_128_Lx_128_tf_1pt5e4.
eps>
(epstopdf)                    date: 2018-08-05 19:19:58
(epstopdf)                    size: 155891 bytes
(epstopdf)             Output file: <dmd1_amplitude_wwt_K_128_Lx_128_tf_1pt5e4-
eps-converted-to.pdf>
(epstopdf)                    date: 2018-08-05 19:22:50
(epstopdf)                    size: 16532 bytes
(epstopdf)             Command: <epstopdf --outfile=dmd1_amplitude_wwt_K_128_Lx
_128_tf_1pt5e4-eps-converted-to.pdf dmd1_amplitude_wwt_K_128_Lx_128_tf_1pt5e4.e
ps>
(epstopdf)             \includegraphics on input line 137.
Package epstopdf Info: Output file is already uptodate.

<dmd1_amplitude_wwt_K_128_Lx_128_tf_1pt5e4-eps-converted-to.pdf, id=25, 697.606
25pt x 483.8075pt>
File: dmd1_amplitude_wwt_K_128_Lx_128_tf_1pt5e4-eps-converted-to.pdf Graphic fi
le (type pdf)

<use dmd1_amplitude_wwt_K_128_Lx_128_tf_1pt5e4-eps-converted-to.pdf>
Package pdftex.def Info: dmd1_amplitude_wwt_K_128_Lx_128_tf_1pt5e4-eps-converte
d-to.pdf used on input line 137.
(pdftex.def)             Requested size: 251.9989pt x 174.76852pt.
Package epstopdf Info: Source file: <dmd2_amplitude_wwt_K_128_Lx_128_tf_1pt5e4.
eps>
(epstopdf)                    date: 2018-08-05 19:20:50
(epstopdf)                    size: 236554 bytes
(epstopdf)             Output file: <dmd2_amplitude_wwt_K_128_Lx_128_tf_1pt5e4-
eps-converted-to.pdf>
(epstopdf)                    date: 2018-08-05 19:22:52
(epstopdf)                    size: 19864 bytes
(epstopdf)             Command: <epstopdf --outfile=dmd2_amplitude_wwt_K_128_Lx
_128_tf_1pt5e4-eps-converted-to.pdf dmd2_amplitude_wwt_K_128_Lx_128_tf_1pt5e4.e
ps>
(epstopdf)             \includegraphics on input line 139.
Package epstopdf Info: Output file is already uptodate.

<dmd2_amplitude_wwt_K_128_Lx_128_tf_1pt5e4-eps-converted-to.pdf, id=26, 697.606
25pt x 483.8075pt>
File: dmd2_amplitude_wwt_K_128_Lx_128_tf_1pt5e4-eps-converted-to.pdf Graphic fi
le (type pdf)

<use dmd2_amplitude_wwt_K_128_Lx_128_tf_1pt5e4-eps-converted-to.pdf>
Package pdftex.def Info: dmd2_amplitude_wwt_K_128_Lx_128_tf_1pt5e4-eps-converte
d-to.pdf used on input line 139.
(pdftex.def)             Requested size: 251.9989pt x 174.76852pt.


LaTeX Warning: Float too large for page by 17.09537pt on input line 144.

Package epstopdf Info: Source file: <dmd_mags_wwt_K_128_Lx_128_tf_1pt5e4.eps>
(epstopdf)                    date: 2018-08-05 19:21:10
(epstopdf)                    size: 240347 bytes
(epstopdf)             Output file: <dmd_mags_wwt_K_128_Lx_128_tf_1pt5e4-eps-co
nverted-to.pdf>
(epstopdf)                    date: 2018-08-05 19:22:53
(epstopdf)                    size: 7464 bytes
(epstopdf)             Command: <epstopdf --outfile=dmd_mags_wwt_K_128_Lx_128_t
f_1pt5e4-eps-converted-to.pdf dmd_mags_wwt_K_128_Lx_128_tf_1pt5e4.eps>
(epstopdf)             \includegraphics on input line 147.
Package epstopdf Info: Output file is already uptodate.

<dmd_mags_wwt_K_128_Lx_128_tf_1pt5e4-eps-converted-to.pdf, id=27, 697.60625pt x
 483.8075pt>
File: dmd_mags_wwt_K_128_Lx_128_tf_1pt5e4-eps-converted-to.pdf Graphic file (ty
pe pdf)
 <use dmd_mags_wwt_K_128_Lx_128_tf_1pt5e4-eps-converted-to.pdf>
Package pdftex.def Info: dmd_mags_wwt_K_128_Lx_128_tf_1pt5e4-eps-converted-to.p
df used on input line 147.
(pdftex.def)             Requested size: 251.9989pt x 174.76852pt.


LaTeX Warning: `!h' float specifier changed to `!ht'.

Package epstopdf Info: Source file: <amplitude_K_128_Lx_128_tf_1pt5e4.eps>
(epstopdf)                    date: 2018-08-05 18:43:30
(epstopdf)                    size: 164975 bytes
(epstopdf)             Output file: <amplitude_K_128_Lx_128_tf_1pt5e4-eps-conve
rted-to.pdf>
(epstopdf)                    date: 2018-08-05 18:47:37
(epstopdf)                    size: 18839 bytes
(epstopdf)             Command: <epstopdf --outfile=amplitude_K_128_Lx_128_tf_1
pt5e4-eps-converted-to.pdf amplitude_K_128_Lx_128_tf_1pt5e4.eps>
(epstopdf)             \includegraphics on input line 156.
Package epstopdf Info: Output file is already uptodate.

<amplitude_K_128_Lx_128_tf_1pt5e4-eps-converted-to.pdf, id=28, 697.60625pt x 48
3.8075pt>
File: amplitude_K_128_Lx_128_tf_1pt5e4-eps-converted-to.pdf Graphic file (type 
pdf)
 <use amplitude_K_128_Lx_128_tf_1pt5e4-eps-converted-to.pdf>
Package pdftex.def Info: amplitude_K_128_Lx_128_tf_1pt5e4-eps-converted-to.pdf 
used on input line 156.
(pdftex.def)             Requested size: 251.9989pt x 174.76852pt.
Package epstopdf Info: Source file: <dmd1_amplitude_K_128_Lx_128_tf_1pt5e4.eps>

(epstopdf)                    date: 2018-08-05 18:42:44
(epstopdf)                    size: 137166 bytes
(epstopdf)             Output file: <dmd1_amplitude_K_128_Lx_128_tf_1pt5e4-eps-
converted-to.pdf>
(epstopdf)                    date: 2018-08-05 18:47:38
(epstopdf)                    size: 11866 bytes
(epstopdf)             Command: <epstopdf --outfile=dmd1_amplitude_K_128_Lx_128
_tf_1pt5e4-eps-converted-to.pdf dmd1_amplitude_K_128_Lx_128_tf_1pt5e4.eps>
(epstopdf)             \includegraphics on input line 158.
Package epstopdf Info: Output file is already uptodate.

<dmd1_amplitude_K_128_Lx_128_tf_1pt5e4-eps-converted-to.pdf, id=29, 697.60625pt
 x 483.8075pt>
File: dmd1_amplitude_K_128_Lx_128_tf_1pt5e4-eps-converted-to.pdf Graphic file (
type pdf)

<use dmd1_amplitude_K_128_Lx_128_tf_1pt5e4-eps-converted-to.pdf>
Package pdftex.def Info: dmd1_amplitude_K_128_Lx_128_tf_1pt5e4-eps-converted-to
.pdf used on input line 158.
(pdftex.def)             Requested size: 251.9989pt x 174.76852pt.
Package epstopdf Info: Source file: <dmd2_amplitude_K_128_Lx_128_tf_1pt5e4.eps>

(epstopdf)                    date: 2018-08-05 18:43:07
(epstopdf)                    size: 148022 bytes
(epstopdf)             Output file: <dmd2_amplitude_K_128_Lx_128_tf_1pt5e4-eps-
converted-to.pdf>
(epstopdf)                    date: 2018-08-05 18:47:39
(epstopdf)                    size: 13863 bytes
(epstopdf)             Command: <epstopdf --outfile=dmd2_amplitude_K_128_Lx_128
_tf_1pt5e4-eps-converted-to.pdf dmd2_amplitude_K_128_Lx_128_tf_1pt5e4.eps>
(epstopdf)             \includegraphics on input line 160.
Package epstopdf Info: Output file is already uptodate.

<dmd2_amplitude_K_128_Lx_128_tf_1pt5e4-eps-converted-to.pdf, id=30, 697.60625pt
 x 483.8075pt>
File: dmd2_amplitude_K_128_Lx_128_tf_1pt5e4-eps-converted-to.pdf Graphic file (
type pdf)

<use dmd2_amplitude_K_128_Lx_128_tf_1pt5e4-eps-converted-to.pdf>
Package pdftex.def Info: dmd2_amplitude_K_128_Lx_128_tf_1pt5e4-eps-converted-to
.pdf used on input line 160.
(pdftex.def)             Requested size: 251.9989pt x 174.76852pt.


LaTeX Warning: Float too large for page by 41.55789pt on input line 165.

Package epstopdf Info: Source file: <dmd_mags_K_128_Lx_128_tf_1pt5e4.eps>
(epstopdf)                    date: 2018-08-05 18:42:17
(epstopdf)                    size: 240334 bytes
(epstopdf)             Output file: <dmd_mags_K_128_Lx_128_tf_1pt5e4-eps-conver
ted-to.pdf>
(epstopdf)                    date: 2018-08-05 18:49:39
(epstopdf)                    size: 7467 bytes
(epstopdf)             Command: <epstopdf --outfile=dmd_mags_K_128_Lx_128_tf_1p
t5e4-eps-converted-to.pdf dmd_mags_K_128_Lx_128_tf_1pt5e4.eps>
(epstopdf)             \includegraphics on input line 168.
Package epstopdf Info: Output file is already uptodate.

<dmd_mags_K_128_Lx_128_tf_1pt5e4-eps-converted-to.pdf, id=31, 697.60625pt x 483
.8075pt>
File: dmd_mags_K_128_Lx_128_tf_1pt5e4-eps-converted-to.pdf Graphic file (type p
df)
 <use dmd_mags_K_128_Lx_128_tf_1pt5e4-eps-converted-to.pdf>
Package pdftex.def Info: dmd_mags_K_128_Lx_128_tf_1pt5e4-eps-converted-to.pdf u
sed on input line 168.
(pdftex.def)             Requested size: 251.9989pt x 174.76852pt.


LaTeX Warning: `!h' float specifier changed to `!ht'.

Package epstopdf Info: Source file: <amplitude_hfforce_K_256_Lx_128_tf_1pt5e4.e
ps>
(epstopdf)                    date: 2018-08-05 14:08:58
(epstopdf)                    size: 319148 bytes
(epstopdf)             Output file: <amplitude_hfforce_K_256_Lx_128_tf_1pt5e4-e
ps-converted-to.pdf>
(epstopdf)                    date: 2018-08-05 15:27:10
(epstopdf)                    size: 53013 bytes
(epstopdf)             Command: <epstopdf --outfile=amplitude_hfforce_K_256_Lx_
128_tf_1pt5e4-eps-converted-to.pdf amplitude_hfforce_K_256_Lx_128_tf_1pt5e4.eps
>
(epstopdf)             \includegraphics on input line 178.
Package epstopdf Info: Output file is already uptodate.

<amplitude_hfforce_K_256_Lx_128_tf_1pt5e4-eps-converted-to.pdf, id=32, 714.67pt
 x 433.62pt>
File: amplitude_hfforce_K_256_Lx_128_tf_1pt5e4-eps-converted-to.pdf Graphic fil
e (type pdf)

<use amplitude_hfforce_K_256_Lx_128_tf_1pt5e4-eps-converted-to.pdf>
Package pdftex.def Info: amplitude_hfforce_K_256_Lx_128_tf_1pt5e4-eps-converted
-to.pdf used on input line 178.
(pdftex.def)             Requested size: 251.9989pt x 152.9007pt.
Package epstopdf Info: Source file: <dmd1_amplitude_hfforce_K_256_Lx_128_tf_1pt
5e4.eps>
(epstopdf)                    date: 2018-08-05 14:08:59
(epstopdf)                    size: 92304 bytes
(epstopdf)             Output file: <dmd1_amplitude_hfforce_K_256_Lx_128_tf_1pt
5e4-eps-converted-to.pdf>
(epstopdf)                    date: 2018-08-05 15:27:11
(epstopdf)                    size: 77277 bytes
(epstopdf)             Command: <epstopdf --outfile=dmd1_amplitude_hfforce_K_25
6_Lx_128_tf_1pt5e4-eps-converted-to.pdf dmd1_amplitude_hfforce_K_256_Lx_128_tf_
1pt5e4.eps>
(epstopdf)             \includegraphics on input line 180.
Package epstopdf Info: Output file is already uptodate.

<dmd1_amplitude_hfforce_K_256_Lx_128_tf_1pt5e4-eps-converted-to.pdf, id=33, 714
.67pt x 433.62pt>
File: dmd1_amplitude_hfforce_K_256_Lx_128_tf_1pt5e4-eps-converted-to.pdf Graphi
c file (type pdf)

<use dmd1_amplitude_hfforce_K_256_Lx_128_tf_1pt5e4-eps-converted-to.pdf>
Package pdftex.def Info: dmd1_amplitude_hfforce_K_256_Lx_128_tf_1pt5e4-eps-conv
erted-to.pdf used on input line 180.
(pdftex.def)             Requested size: 251.9989pt x 152.9007pt.
Package epstopdf Info: Source file: <dmd2_amplitude_hfforce_K_256_Lx_128_tf_1pt
5e4.eps>
(epstopdf)                    date: 2018-08-05 14:08:59
(epstopdf)                    size: 93312 bytes
(epstopdf)             Output file: <dmd2_amplitude_hfforce_K_256_Lx_128_tf_1pt
5e4-eps-converted-to.pdf>
(epstopdf)                    date: 2018-08-05 15:27:12
(epstopdf)                    size: 77407 bytes
(epstopdf)             Command: <epstopdf --outfile=dmd2_amplitude_hfforce_K_25
6_Lx_128_tf_1pt5e4-eps-converted-to.pdf dmd2_amplitude_hfforce_K_256_Lx_128_tf_
1pt5e4.eps>
(epstopdf)             \includegraphics on input line 182.
Package epstopdf Info: Output file is already uptodate.

<dmd2_amplitude_hfforce_K_256_Lx_128_tf_1pt5e4-eps-converted-to.pdf, id=34, 714
.67pt x 433.62pt>
File: dmd2_amplitude_hfforce_K_256_Lx_128_tf_1pt5e4-eps-converted-to.pdf Graphi
c file (type pdf)

<use dmd2_amplitude_hfforce_K_256_Lx_128_tf_1pt5e4-eps-converted-to.pdf>
Package pdftex.def Info: dmd2_amplitude_hfforce_K_256_Lx_128_tf_1pt5e4-eps-conv
erted-to.pdf used on input line 182.
(pdftex.def)             Requested size: 251.9989pt x 152.9007pt.

[4] [5 <./amplitude_wwt_K_128_Lx_128_tf_1pt5e4-eps-converted-to.pdf> <./dmd1_am
plitude_wwt_K_128_Lx_128_tf_1pt5e4-eps-converted-to.pdf> <./dmd2_amplitude_wwt_
K_128_Lx_128_tf_1pt5e4-eps-converted-to.pdf>]
Package epstopdf Info: Source file: <dmd_mags_hfforce_K_256_Lx_128_tf_1pt5e4.ep
s>
(epstopdf)                    date: 2018-08-05 14:08:59
(epstopdf)                    size: 60807 bytes
(epstopdf)             Output file: <dmd_mags_hfforce_K_256_Lx_128_tf_1pt5e4-ep
s-converted-to.pdf>
(epstopdf)                    date: 2018-08-05 15:33:34
(epstopdf)                    size: 22454 bytes
(epstopdf)             Command: <epstopdf --outfile=dmd_mags_hfforce_K_256_Lx_1
28_tf_1pt5e4-eps-converted-to.pdf dmd_mags_hfforce_K_256_Lx_128_tf_1pt5e4.eps>
(epstopdf)             \includegraphics on input line 192.
Package epstopdf Info: Output file is already uptodate.

<dmd_mags_hfforce_K_256_Lx_128_tf_1pt5e4-eps-converted-to.pdf, id=69, 714.67pt 
x 433.62pt>
File: dmd_mags_hfforce_K_256_Lx_128_tf_1pt5e4-eps-converted-to.pdf Graphic file
 (type pdf)
 <use dmd_mags_hfforce_K_256_Lx_128_tf_1pt5e4-eps-converted-to.pdf>
Package pdftex.def Info: dmd_mags_hfforce_K_256_Lx_128_tf_1pt5e4-eps-converted-
to.pdf used on input line 192.
(pdftex.def)             Requested size: 251.9989pt x 152.9007pt.


LaTeX Warning: `!h' float specifier changed to `!ht'.

[6 <./dmd_mags_wwt_K_128_Lx_128_tf_1pt5e4-eps-converted-to.pdf>] [7 <./amplitud
e_K_128_Lx_128_tf_1pt5e4-eps-converted-to.pdf> <./dmd1_amplitude_K_128_Lx_128_t
f_1pt5e4-eps-converted-to.pdf> <./dmd2_amplitude_K_128_Lx_128_tf_1pt5e4-eps-con
verted-to.pdf>] (coherent_structures_dmd.bbl [8 <./dmd_mags_K_128_Lx_128_tf_1pt
5e4-eps-converted-to.pdf>] [9 <./amplitude_hfforce_K_256_Lx_128_tf_1pt5e4-eps-c
onverted-to.pdf> <./dmd1_amplitude_hfforce_K_256_Lx_128_tf_1pt5e4-eps-converted
-to.pdf> <./dmd2_amplitude_hfforce_K_256_Lx_128_tf_1pt5e4-eps-converted-to.pdf>
]) [10 <./dmd_mags_hfforce_K_256_Lx_128_tf_1pt5e4-eps-converted-to.pdf>]
(coherent_structures_dmd.aux) ) 
Here is how much of TeX's memory you used:
 2499 strings out of 493634
 36661 string characters out of 3135239
 96321 words of memory out of 3000000
 5828 multiletter control sequences out of 15000+200000
 12319 words of font info for 46 fonts, out of 3000000 for 9000
 1025 hyphenation exceptions out of 8191
 42i,12n,26p,873b,310s stack positions out of 5000i,500n,10000p,200000b,50000s
<C:/Users/Chris/AppData/Local/Programs/MiKTeX 2.
9/fonts/type1/public/amsfonts/cm/cmbx10.pfb><C:/Users/Chris/AppData/Local/Progr
ams/MiKTeX 2.9/fonts/type1/public/amsfonts/cm/cmbx12.pfb><C:/Users/Chris/AppDat
a/Local/Programs/MiKTeX 2.9/fonts/type1/public/amsfonts/cm/cmbx8.pfb><C:/Users/
Chris/AppData/Local/Programs/MiKTeX 2.9/fonts/type1/public/amsfonts/cm/cmex10.p
fb><C:/Users/Chris/AppData/Local/Programs/MiKTeX 2.9/fonts/type1/public/amsfont
s/cm/cmmi10.pfb><C:/Users/Chris/AppData/Local/Programs/MiKTeX 2.9/fonts/type1/p
ublic/amsfonts/cm/cmmi6.pfb><C:/Users/Chris/AppData/Local/Programs/MiKTeX 2.9/f
onts/type1/public/amsfonts/cm/cmmi8.pfb><C:/Users/Chris/AppData/Local/Programs/
MiKTeX 2.9/fonts/type1/public/amsfonts/cm/cmr10.pfb><C:/Users/Chris/AppData/Loc
al/Programs/MiKTeX 2.9/fonts/type1/public/amsfonts/cm/cmr12.pfb><C:/Users/Chris
/AppData/Local/Programs/MiKTeX 2.9/fonts/type1/public/amsfonts/cm/cmr17.pfb><C:
/Users/Chris/AppData/Local/Programs/MiKTeX 2.9/fonts/type1/public/amsfonts/cm/c
mr8.pfb><C:/Users/Chris/AppData/Local/Programs/MiKTeX 2.9/fonts/type1/public/am
sfonts/cm/cmsy10.pfb><C:/Users/Chris/AppData/Local/Programs/MiKTeX 2.9/fonts/ty
pe1/public/amsfonts/cm/cmsy8.pfb><C:/Users/Chris/AppData/Local/Programs/MiKTeX 
2.9/fonts/type1/public/amsfonts/cm/cmti10.pfb><C:/Users/Chris/AppData/Local/Pro
grams/MiKTeX 2.9/fonts/type1/public/amsfonts/symbols/msbm10.pfb>
Output written on coherent_structures_dmd.pdf (10 pages, 520495 bytes).
PDF statistics:
 203 PDF objects out of 1000 (max. 8388607)
 0 named destinations out of 1000 (max. 500000)
 61 words of extra memory for PDF output out of 10000 (max. 10000000)

