This is pdfTeX, Version 3.1415926-2.5-1.40.14 (MiKTeX 2.9 64-bit) (preloaded format=pdflatex 2013.10.8)  13 SEP 2018 16:53
entering extended mode
**D:/My*Documents/Desktop/wwt_Git_Clone/write_up/coherent_structures_dmd_no_vor
t.tex

("D:/My Documents/Desktop/wwt_Git_Clone/write_up/coherent_structures_dmd_no_vor
t.tex"
LaTeX2e <2011/06/27>
Babel <v3.8m> and hyphenation patterns for english, afrikaans, ancientgreek, ar
abic, armenian, assamese, basque, bengali, bokmal, bulgarian, catalan, coptic, 
croatian, czech, danish, dutch, esperanto, estonian, farsi, finnish, french, ga
lician, german, german-x-2013-05-26, greek, gujarati, hindi, hungarian, iceland
ic, indonesian, interlingua, irish, italian, kannada, kurmanji, latin, latvian,
 lithuanian, malayalam, marathi, mongolian, mongolianlmc, monogreek, ngerman, n
german-x-2013-05-26, nynorsk, oriya, panjabi, pinyin, polish, portuguese, roman
ian, russian, sanskrit, serbian, slovak, slovenian, spanish, swedish, swissgerm
an, tamil, telugu, turkish, turkmen, ukenglish, ukrainian, uppersorbian, usengl
ishmax, welsh, loaded.
("C:\Program Files\MiKTeX 2.9\tex\latex\base\article.cls"
Document Class: article 2007/10/19 v1.4h Standard LaTeX document class
("C:\Program Files\MiKTeX 2.9\tex\latex\base\size11.clo"
File: size11.clo 2007/10/19 v1.4h Standard LaTeX file (size option)
)
\c@part=\count79
\c@section=\count80
\c@subsection=\count81
\c@subsubsection=\count82
\c@paragraph=\count83
\c@subparagraph=\count84
\c@figure=\count85
\c@table=\count86
\abovecaptionskip=\skip41
\belowcaptionskip=\skip42
\bibindent=\dimen102
)
("C:\Program Files\MiKTeX 2.9\tex\latex\amsmath\amsmath.sty"
Package: amsmath 2013/01/14 v2.14 AMS math features
\@mathmargin=\skip43

For additional information on amsmath, use the `?' option.
("C:\Program Files\MiKTeX 2.9\tex\latex\amsmath\amstext.sty"
Package: amstext 2000/06/29 v2.01

("C:\Program Files\MiKTeX 2.9\tex\latex\amsmath\amsgen.sty"
File: amsgen.sty 1999/11/30 v2.0
\@emptytoks=\toks14
\ex@=\dimen103
))
("C:\Program Files\MiKTeX 2.9\tex\latex\amsmath\amsbsy.sty"
Package: amsbsy 1999/11/29 v1.2d
\pmbraise@=\dimen104
)
("C:\Program Files\MiKTeX 2.9\tex\latex\amsmath\amsopn.sty"
Package: amsopn 1999/12/14 v2.01 operator names
)
\inf@bad=\count87
LaTeX Info: Redefining \frac on input line 210.
\uproot@=\count88
\leftroot@=\count89
LaTeX Info: Redefining \overline on input line 306.
\classnum@=\count90
\DOTSCASE@=\count91
LaTeX Info: Redefining \ldots on input line 378.
LaTeX Info: Redefining \dots on input line 381.
LaTeX Info: Redefining \cdots on input line 466.
\Mathstrutbox@=\box26
\strutbox@=\box27
\big@size=\dimen105
LaTeX Font Info:    Redeclaring font encoding OML on input line 566.
LaTeX Font Info:    Redeclaring font encoding OMS on input line 567.
\macc@depth=\count92
\c@MaxMatrixCols=\count93
\dotsspace@=\muskip10
\c@parentequation=\count94
\dspbrk@lvl=\count95
\tag@help=\toks15
\row@=\count96
\column@=\count97
\maxfields@=\count98
\andhelp@=\toks16
\eqnshift@=\dimen106
\alignsep@=\dimen107
\tagshift@=\dimen108
\tagwidth@=\dimen109
\totwidth@=\dimen110
\lineht@=\dimen111
\@envbody=\toks17
\multlinegap=\skip44
\multlinetaggap=\skip45
\mathdisplay@stack=\toks18
LaTeX Info: Redefining \[ on input line 2665.
LaTeX Info: Redefining \] on input line 2666.
)
("C:\Program Files\MiKTeX 2.9\tex\latex\amsfonts\amssymb.sty"
Package: amssymb 2013/01/14 v3.01 AMS font symbols

("C:\Program Files\MiKTeX 2.9\tex\latex\amsfonts\amsfonts.sty"
Package: amsfonts 2013/01/14 v3.01 Basic AMSFonts support
\symAMSa=\mathgroup4
\symAMSb=\mathgroup5
LaTeX Font Info:    Overwriting math alphabet `\mathfrak' in version `bold'
(Font)                  U/euf/m/n --> U/euf/b/n on input line 106.
))
("C:\Program Files\MiKTeX 2.9\tex\latex\graphics\graphicx.sty"
Package: graphicx 1999/02/16 v1.0f Enhanced LaTeX Graphics (DPC,SPQR)

("C:\Program Files\MiKTeX 2.9\tex\latex\graphics\keyval.sty"
Package: keyval 1999/03/16 v1.13 key=value parser (DPC)
\KV@toks@=\toks19
)
("C:\Program Files\MiKTeX 2.9\tex\latex\graphics\graphics.sty"
Package: graphics 2009/02/05 v1.0o Standard LaTeX Graphics (DPC,SPQR)

("C:\Program Files\MiKTeX 2.9\tex\latex\graphics\trig.sty"
Package: trig 1999/03/16 v1.09 sin cos tan (DPC)
)
("C:\Program Files\MiKTeX 2.9\tex\latex\00miktex\graphics.cfg"
File: graphics.cfg 2007/01/18 v1.5 graphics configuration of teTeX/TeXLive
)
Package graphics Info: Driver file: pdftex.def on input line 91.

("C:\Program Files\MiKTeX 2.9\tex\latex\pdftex-def\pdftex.def"
File: pdftex.def 2011/05/27 v0.06d Graphics/color for pdfTeX

("C:\Program Files\MiKTeX 2.9\tex\generic\oberdiek\infwarerr.sty"
Package: infwarerr 2010/04/08 v1.3 Providing info/warning/error messages (HO)
)
("C:\Program Files\MiKTeX 2.9\tex\generic\oberdiek\ltxcmds.sty"
Package: ltxcmds 2011/11/09 v1.22 LaTeX kernel commands for general use (HO)
)
\Gread@gobject=\count99
))
\Gin@req@height=\dimen112
\Gin@req@width=\dimen113
)
("C:\Program Files\MiKTeX 2.9\tex\latex\oberdiek\epstopdf.sty"
Package: epstopdf 2010/02/09 v2.5 Conversion with epstopdf on the fly (HO)

("C:\Program Files\MiKTeX 2.9\tex\latex\oberdiek\epstopdf-base.sty"
Package: epstopdf-base 2010/02/09 v2.5 Base part for package epstopdf

("C:\Program Files\MiKTeX 2.9\tex\latex\oberdiek\grfext.sty"
Package: grfext 2010/08/19 v1.1 Manage graphics extensions (HO)

("C:\Program Files\MiKTeX 2.9\tex\generic\oberdiek\kvdefinekeys.sty"
Package: kvdefinekeys 2011/04/07 v1.3 Define keys (HO)
))
("C:\Program Files\MiKTeX 2.9\tex\latex\oberdiek\kvoptions.sty"
Package: kvoptions 2011/06/30 v3.11 Key value format for package options (HO)

("C:\Program Files\MiKTeX 2.9\tex\generic\oberdiek\kvsetkeys.sty"
Package: kvsetkeys 2012/04/25 v1.16 Key value parser (HO)

("C:\Program Files\MiKTeX 2.9\tex\generic\oberdiek\etexcmds.sty"
Package: etexcmds 2011/02/16 v1.5 Avoid name clashes with e-TeX commands (HO)

("C:\Program Files\MiKTeX 2.9\tex\generic\oberdiek\ifluatex.sty"
Package: ifluatex 2010/03/01 v1.3 Provides the ifluatex switch (HO)
Package ifluatex Info: LuaTeX not detected.
)
Package etexcmds Info: Could not find \expanded.
(etexcmds)             That can mean that you are not using pdfTeX 1.50 or
(etexcmds)             that some package has redefined \expanded.
(etexcmds)             In the latter case, load this package earlier.
)))
("C:\Program Files\MiKTeX 2.9\tex\generic\oberdiek\pdftexcmds.sty"
Package: pdftexcmds 2011/11/29 v0.20 Utility functions of pdfTeX for LuaTeX (HO
)

("C:\Program Files\MiKTeX 2.9\tex\generic\oberdiek\ifpdf.sty"
Package: ifpdf 2011/01/30 v2.3 Provides the ifpdf switch (HO)
Package ifpdf Info: pdfTeX in PDF mode is detected.
)
Package pdftexcmds Info: LuaTeX not detected.
Package pdftexcmds Info: \pdf@primitive is available.
Package pdftexcmds Info: \pdf@ifprimitive is available.
Package pdftexcmds Info: \pdfdraftmode found.
)
Package grfext Info: Graphics extension search list:
(grfext)             [.png,.pdf,.jpg,.mps,.jpeg,.jbig2,.jb2,.PNG,.PDF,.JPG,.JPE
G,.JBIG2,.JB2,.eps]
(grfext)             \AppendGraphicsExtensions on input line 452.
))
("D:\My Documents\Desktop\wwt_Git_Clone\write_up\coherent_structures_dmd_no_vor
t.aux")
LaTeX Font Info:    Checking defaults for OML/cmm/m/it on input line 55.
LaTeX Font Info:    ... okay on input line 55.
LaTeX Font Info:    Checking defaults for T1/cmr/m/n on input line 55.
LaTeX Font Info:    ... okay on input line 55.
LaTeX Font Info:    Checking defaults for OT1/cmr/m/n on input line 55.
LaTeX Font Info:    ... okay on input line 55.
LaTeX Font Info:    Checking defaults for OMS/cmsy/m/n on input line 55.
LaTeX Font Info:    ... okay on input line 55.
LaTeX Font Info:    Checking defaults for OMX/cmex/m/n on input line 55.
LaTeX Font Info:    ... okay on input line 55.
LaTeX Font Info:    Checking defaults for U/cmr/m/n on input line 55.
LaTeX Font Info:    ... okay on input line 55.
 ("C:\Program Files\MiKTeX 2.9\tex\context\base\supp-pdf.mkii"
[Loading MPS to PDF converter (version 2006.09.02).]
\scratchcounter=\count100
\scratchdimen=\dimen114
\scratchbox=\box28
\nofMPsegments=\count101
\nofMParguments=\count102
\everyMPshowfont=\toks20
\MPscratchCnt=\count103
\MPscratchDim=\dimen115
\MPnumerator=\count104
\makeMPintoPDFobject=\count105
\everyMPtoPDFconversion=\toks21
)
LaTeX Font Info:    Try loading font information for U+msa on input line 56.
 ("C:\Program Files\MiKTeX 2.9\tex\latex\amsfonts\umsa.fd"
File: umsa.fd 2013/01/14 v3.01 AMS symbols A
)
LaTeX Font Info:    Try loading font information for U+msb on input line 56.

("C:\Program Files\MiKTeX 2.9\tex\latex\amsfonts\umsb.fd"
File: umsb.fd 2013/01/14 v3.01 AMS symbols B
)
Overfull \hbox (4.05455pt too wide) in paragraph at lines 60--61
[]\OT1/cmr/m/n/10.95 This break-down is best char-ac-ter-ized by the for-ma-tio
n of long-wavelength,
 []

[1

{C:/ProgramData/MiKTeX/2.9/pdftex/config/pdftex.map}] [2] [3] [4] [5]
Package epstopdf Info: Source file: <amplitude_wwt_K_128_Lx_128_tf_1pt5e4.eps>
(epstopdf)                    date: 2018-09-12 16:36:56
(epstopdf)                    size: 10796983 bytes
(epstopdf)             Output file: <amplitude_wwt_K_128_Lx_128_tf_1pt5e4-eps-c
onverted-to.pdf>
(epstopdf)                    date: 2018-09-13 09:18:44
(epstopdf)                    size: 937951 bytes
(epstopdf)             Command: <epstopdf --outfile=amplitude_wwt_K_128_Lx_128_
tf_1pt5e4-eps-converted-to.pdf amplitude_wwt_K_128_Lx_128_tf_1pt5e4.eps>
(epstopdf)             \includegraphics on input line 165.
Package epstopdf Info: Output file is already uptodate.

<amplitude_wwt_K_128_Lx_128_tf_1pt5e4-eps-converted-to.pdf, id=32, 714.67pt x 4
32.61626pt>
File: amplitude_wwt_K_128_Lx_128_tf_1pt5e4-eps-converted-to.pdf Graphic file (t
ype pdf)
 <use amplitude_wwt_K_128_Lx_128_tf_1pt5e4-eps-converted-to.pdf>
Package pdftex.def Info: amplitude_wwt_K_128_Lx_128_tf_1pt5e4-eps-converted-to.
pdf used on input line 165.
(pdftex.def)             Requested size: 188.9978pt x 114.40512pt.
Package epstopdf Info: Source file: <mean_wwtforce_K_128_Lx_128_tf_1_pt5e4.eps>

(epstopdf)                    date: 2018-09-12 16:42:48
(epstopdf)                    size: 8583986 bytes
(epstopdf)             Output file: <mean_wwtforce_K_128_Lx_128_tf_1_pt5e4-eps-
converted-to.pdf>
(epstopdf)                    date: 2018-09-13 09:18:49
(epstopdf)                    size: 907859 bytes
(epstopdf)             Command: <epstopdf --outfile=mean_wwtforce_K_128_Lx_128_
tf_1_pt5e4-eps-converted-to.pdf mean_wwtforce_K_128_Lx_128_tf_1_pt5e4.eps>
(epstopdf)             \includegraphics on input line 165.
Package epstopdf Info: Output file is already uptodate.

<mean_wwtforce_K_128_Lx_128_tf_1_pt5e4-eps-converted-to.pdf, id=33, 714.67pt x 
432.61626pt>
File: mean_wwtforce_K_128_Lx_128_tf_1_pt5e4-eps-converted-to.pdf Graphic file (
type pdf)
 <use mean_wwtforce_K_128_Lx_128_tf_1_pt5e4-eps-converted-to.pdf>
Package pdftex.def Info: mean_wwtforce_K_128_Lx_128_tf_1_pt5e4-eps-converted-to
.pdf used on input line 165.
(pdftex.def)             Requested size: 188.9978pt x 114.40512pt.
Package epstopdf Info: Source file: <osc1_wwtforce_K_128_Lx_128_tf_1_pt5e4.eps>

(epstopdf)                    date: 2018-09-12 16:41:53
(epstopdf)                    size: 10010708 bytes
(epstopdf)             Output file: <osc1_wwtforce_K_128_Lx_128_tf_1_pt5e4-eps-
converted-to.pdf>
(epstopdf)                    date: 2018-09-13 09:18:57
(epstopdf)                    size: 903644 bytes
(epstopdf)             Command: <epstopdf --outfile=osc1_wwtforce_K_128_Lx_128_
tf_1_pt5e4-eps-converted-to.pdf osc1_wwtforce_K_128_Lx_128_tf_1_pt5e4.eps>
(epstopdf)             \includegraphics on input line 167.
Package epstopdf Info: Output file is already uptodate.

<osc1_wwtforce_K_128_Lx_128_tf_1_pt5e4-eps-converted-to.pdf, id=34, 714.67pt x 
432.61626pt>
File: osc1_wwtforce_K_128_Lx_128_tf_1_pt5e4-eps-converted-to.pdf Graphic file (
type pdf)
 <use osc1_wwtforce_K_128_Lx_128_tf_1_pt5e4-eps-converted-to.pdf>
Package pdftex.def Info: osc1_wwtforce_K_128_Lx_128_tf_1_pt5e4-eps-converted-to
.pdf used on input line 167.
(pdftex.def)             Requested size: 183.59802pt x 111.13753pt.
Package epstopdf Info: Source file: <osc2_wwtforce_K_128_Lx_128_tf_1_pt5e4.eps>

(epstopdf)                    date: 2018-09-12 16:41:32
(epstopdf)                    size: 9294602 bytes
(epstopdf)             Output file: <osc2_wwtforce_K_128_Lx_128_tf_1_pt5e4-eps-
converted-to.pdf>
(epstopdf)                    date: 2018-09-13 09:19:02
(epstopdf)                    size: 923057 bytes
(epstopdf)             Command: <epstopdf --outfile=osc2_wwtforce_K_128_Lx_128_
tf_1_pt5e4-eps-converted-to.pdf osc2_wwtforce_K_128_Lx_128_tf_1_pt5e4.eps>
(epstopdf)             \includegraphics on input line 167.
Package epstopdf Info: Output file is already uptodate.

<osc2_wwtforce_K_128_Lx_128_tf_1_pt5e4-eps-converted-to.pdf, id=35, 714.67pt x 
432.61626pt>
File: osc2_wwtforce_K_128_Lx_128_tf_1_pt5e4-eps-converted-to.pdf Graphic file (
type pdf)
 <use osc2_wwtforce_K_128_Lx_128_tf_1_pt5e4-eps-converted-to.pdf>
Package pdftex.def Info: osc2_wwtforce_K_128_Lx_128_tf_1_pt5e4-eps-converted-to
.pdf used on input line 167.
(pdftex.def)             Requested size: 183.59802pt x 111.13753pt.
Package epstopdf Info: Source file: <osc3_wwtforce_K_128_Lx_128_tf_1_pt5e4.eps>

(epstopdf)                    date: 2018-09-12 16:41:13
(epstopdf)                    size: 11135743 bytes
(epstopdf)             Output file: <osc3_wwtforce_K_128_Lx_128_tf_1_pt5e4-eps-
converted-to.pdf>
(epstopdf)                    date: 2018-09-13 09:19:12
(epstopdf)                    size: 933061 bytes
(epstopdf)             Command: <epstopdf --outfile=osc3_wwtforce_K_128_Lx_128_
tf_1_pt5e4-eps-converted-to.pdf osc3_wwtforce_K_128_Lx_128_tf_1_pt5e4.eps>
(epstopdf)             \includegraphics on input line 169.
Package epstopdf Info: Output file is already uptodate.

<osc3_wwtforce_K_128_Lx_128_tf_1_pt5e4-eps-converted-to.pdf, id=36, 714.67pt x 
432.61626pt>
File: osc3_wwtforce_K_128_Lx_128_tf_1_pt5e4-eps-converted-to.pdf Graphic file (
type pdf)
 <use osc3_wwtforce_K_128_Lx_128_tf_1_pt5e4-eps-converted-to.pdf>
Package pdftex.def Info: osc3_wwtforce_K_128_Lx_128_tf_1_pt5e4-eps-converted-to
.pdf used on input line 169.
(pdftex.def)             Requested size: 183.59802pt x 111.13753pt.
Package epstopdf Info: Source file: <osc4_wwtforce_K_128_Lx_128_tf_1_pt5e4.eps>

(epstopdf)                    date: 2018-09-12 16:39:50
(epstopdf)                    size: 9290613 bytes
(epstopdf)             Output file: <osc4_wwtforce_K_128_Lx_128_tf_1_pt5e4-eps-
converted-to.pdf>
(epstopdf)                    date: 2018-09-13 09:19:17
(epstopdf)                    size: 934595 bytes
(epstopdf)             Command: <epstopdf --outfile=osc4_wwtforce_K_128_Lx_128_
tf_1_pt5e4-eps-converted-to.pdf osc4_wwtforce_K_128_Lx_128_tf_1_pt5e4.eps>
(epstopdf)             \includegraphics on input line 169.
Package epstopdf Info: Output file is already uptodate.

<osc4_wwtforce_K_128_Lx_128_tf_1_pt5e4-eps-converted-to.pdf, id=37, 714.67pt x 
432.61626pt>
File: osc4_wwtforce_K_128_Lx_128_tf_1_pt5e4-eps-converted-to.pdf Graphic file (
type pdf)
 <use osc4_wwtforce_K_128_Lx_128_tf_1_pt5e4-eps-converted-to.pdf>
Package pdftex.def Info: osc4_wwtforce_K_128_Lx_128_tf_1_pt5e4-eps-converted-to
.pdf used on input line 169.
(pdftex.def)             Requested size: 183.59802pt x 111.13753pt.

Overfull \hbox (25.24582pt too wide) in paragraph at lines 164--172
 [][] 
 []

Package epstopdf Info: Source file: <amplitude_lfforce_K_128_Lx_128_tf_1pt5e4.e
ps>
(epstopdf)                    date: 2018-09-12 16:59:57
(epstopdf)                    size: 9421003 bytes
(epstopdf)             Output file: <amplitude_lfforce_K_128_Lx_128_tf_1pt5e4-e
ps-converted-to.pdf>
(epstopdf)                    date: 2018-09-13 09:19:22
(epstopdf)                    size: 950934 bytes
(epstopdf)             Command: <epstopdf --outfile=amplitude_lfforce_K_128_Lx_
128_tf_1pt5e4-eps-converted-to.pdf amplitude_lfforce_K_128_Lx_128_tf_1pt5e4.eps
>
(epstopdf)             \includegraphics on input line 181.
Package epstopdf Info: Output file is already uptodate.

<amplitude_lfforce_K_128_Lx_128_tf_1pt5e4-eps-converted-to.pdf, id=38, 714.67pt
 x 432.61626pt>
File: amplitude_lfforce_K_128_Lx_128_tf_1pt5e4-eps-converted-to.pdf Graphic fil
e (type pdf)

<use amplitude_lfforce_K_128_Lx_128_tf_1pt5e4-eps-converted-to.pdf>
Package pdftex.def Info: amplitude_lfforce_K_128_Lx_128_tf_1pt5e4-eps-converted
-to.pdf used on input line 181.
(pdftex.def)             Requested size: 188.9978pt x 114.40512pt.
Package epstopdf Info: Source file: <mean_lfforce_K_128_Lx_128_tf_1_pt5e4.eps>
(epstopdf)                    date: 2018-09-12 17:02:12
(epstopdf)                    size: 5446376 bytes
(epstopdf)             Output file: <mean_lfforce_K_128_Lx_128_tf_1_pt5e4-eps-c
onverted-to.pdf>
(epstopdf)                    date: 2018-09-13 09:19:25
(epstopdf)                    size: 799336 bytes
(epstopdf)             Command: <epstopdf --outfile=mean_lfforce_K_128_Lx_128_t
f_1_pt5e4-eps-converted-to.pdf mean_lfforce_K_128_Lx_128_tf_1_pt5e4.eps>
(epstopdf)             \includegraphics on input line 181.
Package epstopdf Info: Output file is already uptodate.

<mean_lfforce_K_128_Lx_128_tf_1_pt5e4-eps-converted-to.pdf, id=39, 714.67pt x 4
32.61626pt>
File: mean_lfforce_K_128_Lx_128_tf_1_pt5e4-eps-converted-to.pdf Graphic file (t
ype pdf)
 <use mean_lfforce_K_128_Lx_128_tf_1_pt5e4-eps-converted-to.pdf>
Package pdftex.def Info: mean_lfforce_K_128_Lx_128_tf_1_pt5e4-eps-converted-to.
pdf used on input line 181.
(pdftex.def)             Requested size: 188.9978pt x 114.40512pt.
Package epstopdf Info: Source file: <osc1_lfforce_K_128_Lx_128_tf_1_pt5e4.eps>
(epstopdf)                    date: 2018-09-12 17:01:59
(epstopdf)                    size: 9608636 bytes
(epstopdf)             Output file: <osc1_lfforce_K_128_Lx_128_tf_1_pt5e4-eps-c
onverted-to.pdf>
(epstopdf)                    date: 2018-09-13 09:19:34
(epstopdf)                    size: 899988 bytes
(epstopdf)             Command: <epstopdf --outfile=osc1_lfforce_K_128_Lx_128_t
f_1_pt5e4-eps-converted-to.pdf osc1_lfforce_K_128_Lx_128_tf_1_pt5e4.eps>
(epstopdf)             \includegraphics on input line 183.
Package epstopdf Info: Output file is already uptodate.

<osc1_lfforce_K_128_Lx_128_tf_1_pt5e4-eps-converted-to.pdf, id=40, 714.67pt x 4
32.61626pt>
File: osc1_lfforce_K_128_Lx_128_tf_1_pt5e4-eps-converted-to.pdf Graphic file (t
ype pdf)
 <use osc1_lfforce_K_128_Lx_128_tf_1_pt5e4-eps-converted-to.pdf>
Package pdftex.def Info: osc1_lfforce_K_128_Lx_128_tf_1_pt5e4-eps-converted-to.
pdf used on input line 183.
(pdftex.def)             Requested size: 183.59802pt x 111.13753pt.
Package epstopdf Info: Source file: <osc2_lfforce_K_128_Lx_128_tf_1_pt5e4.eps>
(epstopdf)                    date: 2018-09-12 17:01:38
(epstopdf)                    size: 9756780 bytes
(epstopdf)             Output file: <osc2_lfforce_K_128_Lx_128_tf_1_pt5e4-eps-c
onverted-to.pdf>
(epstopdf)                    date: 2018-09-13 09:19:41
(epstopdf)                    size: 880909 bytes
(epstopdf)             Command: <epstopdf --outfile=osc2_lfforce_K_128_Lx_128_t
f_1_pt5e4-eps-converted-to.pdf osc2_lfforce_K_128_Lx_128_tf_1_pt5e4.eps>
(epstopdf)             \includegraphics on input line 183.
Package epstopdf Info: Output file is already uptodate.

<osc2_lfforce_K_128_Lx_128_tf_1_pt5e4-eps-converted-to.pdf, id=41, 714.67pt x 4
32.61626pt>
File: osc2_lfforce_K_128_Lx_128_tf_1_pt5e4-eps-converted-to.pdf Graphic file (t
ype pdf)
 <use osc2_lfforce_K_128_Lx_128_tf_1_pt5e4-eps-converted-to.pdf>
Package pdftex.def Info: osc2_lfforce_K_128_Lx_128_tf_1_pt5e4-eps-converted-to.
pdf used on input line 183.
(pdftex.def)             Requested size: 183.59802pt x 111.13753pt.
Package epstopdf Info: Source file: <osc3_lfforce_K_128_Lx_128_tf_1_pt5e4.eps>
(epstopdf)                    date: 2018-09-12 17:01:19
(epstopdf)                    size: 10034657 bytes
(epstopdf)             Output file: <osc3_lfforce_K_128_Lx_128_tf_1_pt5e4-eps-c
onverted-to.pdf>
(epstopdf)                    date: 2018-09-13 09:19:48
(epstopdf)                    size: 871535 bytes
(epstopdf)             Command: <epstopdf --outfile=osc3_lfforce_K_128_Lx_128_t
f_1_pt5e4-eps-converted-to.pdf osc3_lfforce_K_128_Lx_128_tf_1_pt5e4.eps>
(epstopdf)             \includegraphics on input line 185.
Package epstopdf Info: Output file is already uptodate.

<osc3_lfforce_K_128_Lx_128_tf_1_pt5e4-eps-converted-to.pdf, id=42, 714.67pt x 4
32.61626pt>
File: osc3_lfforce_K_128_Lx_128_tf_1_pt5e4-eps-converted-to.pdf Graphic file (t
ype pdf)
 <use osc3_lfforce_K_128_Lx_128_tf_1_pt5e4-eps-converted-to.pdf>
Package pdftex.def Info: osc3_lfforce_K_128_Lx_128_tf_1_pt5e4-eps-converted-to.
pdf used on input line 185.
(pdftex.def)             Requested size: 183.59802pt x 111.13753pt.
Package epstopdf Info: Source file: <osc4_lfforce_K_128_Lx_128_tf_1_pt5e4.eps>
(epstopdf)                    date: 2018-09-12 17:00:55
(epstopdf)                    size: 8620419 bytes
(epstopdf)             Output file: <osc4_lfforce_K_128_Lx_128_tf_1_pt5e4-eps-c
onverted-to.pdf>
(epstopdf)                    date: 2018-09-13 09:19:52
(epstopdf)                    size: 868147 bytes
(epstopdf)             Command: <epstopdf --outfile=osc4_lfforce_K_128_Lx_128_t
f_1_pt5e4-eps-converted-to.pdf osc4_lfforce_K_128_Lx_128_tf_1_pt5e4.eps>
(epstopdf)             \includegraphics on input line 185.
Package epstopdf Info: Output file is already uptodate.

<osc4_lfforce_K_128_Lx_128_tf_1_pt5e4-eps-converted-to.pdf, id=43, 714.67pt x 4
32.61626pt>
File: osc4_lfforce_K_128_Lx_128_tf_1_pt5e4-eps-converted-to.pdf Graphic file (t
ype pdf)
 <use osc4_lfforce_K_128_Lx_128_tf_1_pt5e4-eps-converted-to.pdf>
Package pdftex.def Info: osc4_lfforce_K_128_Lx_128_tf_1_pt5e4-eps-converted-to.
pdf used on input line 185.
(pdftex.def)             Requested size: 183.59802pt x 111.13753pt.

Overfull \hbox (25.24582pt too wide) in paragraph at lines 180--188
 [][] 
 []

[6]
Package epstopdf Info: Source file: <amplitude_hfforce_K_128_Lx_128_tf_1pt5e4.e
ps>
(epstopdf)                    date: 2018-09-13 08:51:40
(epstopdf)                    size: 10270473 bytes
(epstopdf)             Output file: <amplitude_hfforce_K_128_Lx_128_tf_1pt5e4-e
ps-converted-to.pdf>
(epstopdf)                    date: 2018-09-13 09:19:57
(epstopdf)                    size: 1045074 bytes
(epstopdf)             Command: <epstopdf --outfile=amplitude_hfforce_K_128_Lx_
128_tf_1pt5e4-eps-converted-to.pdf amplitude_hfforce_K_128_Lx_128_tf_1pt5e4.eps
>
(epstopdf)             \includegraphics on input line 199.
Package epstopdf Info: Output file is already uptodate.

<amplitude_hfforce_K_128_Lx_128_tf_1pt5e4-eps-converted-to.pdf, id=47, 714.67pt
 x 432.61626pt>
File: amplitude_hfforce_K_128_Lx_128_tf_1pt5e4-eps-converted-to.pdf Graphic fil
e (type pdf)

<use amplitude_hfforce_K_128_Lx_128_tf_1pt5e4-eps-converted-to.pdf>
Package pdftex.def Info: amplitude_hfforce_K_128_Lx_128_tf_1pt5e4-eps-converted
-to.pdf used on input line 199.
(pdftex.def)             Requested size: 188.9978pt x 114.40512pt.
Package epstopdf Info: Source file: <mean_hfforce_K_128_Lx_128_tf_1_pt5e4.eps>
(epstopdf)                    date: 2018-09-13 09:01:08
(epstopdf)                    size: 1877473 bytes
(epstopdf)             Output file: <mean_hfforce_K_128_Lx_128_tf_1_pt5e4-eps-c
onverted-to.pdf>
(epstopdf)                    date: 2018-09-13 09:19:59
(epstopdf)                    size: 249680 bytes
(epstopdf)             Command: <epstopdf --outfile=mean_hfforce_K_128_Lx_128_t
f_1_pt5e4-eps-converted-to.pdf mean_hfforce_K_128_Lx_128_tf_1_pt5e4.eps>
(epstopdf)             \includegraphics on input line 199.
Package epstopdf Info: Output file is already uptodate.

<mean_hfforce_K_128_Lx_128_tf_1_pt5e4-eps-converted-to.pdf, id=48, 714.67pt x 4
32.61626pt>
File: mean_hfforce_K_128_Lx_128_tf_1_pt5e4-eps-converted-to.pdf Graphic file (t
ype pdf)
 <use mean_hfforce_K_128_Lx_128_tf_1_pt5e4-eps-converted-to.pdf>
Package pdftex.def Info: mean_hfforce_K_128_Lx_128_tf_1_pt5e4-eps-converted-to.
pdf used on input line 199.
(pdftex.def)             Requested size: 188.9978pt x 114.40512pt.
Package epstopdf Info: Source file: <osc1_hfforce_K_128_Lx_128_tf_1_pt5e4.eps>
(epstopdf)                    date: 2018-09-13 09:00:55
(epstopdf)                    size: 11831896 bytes
(epstopdf)             Output file: <osc1_hfforce_K_128_Lx_128_tf_1_pt5e4-eps-c
onverted-to.pdf>
(epstopdf)                    date: 2018-09-13 09:20:06
(epstopdf)                    size: 1227820 bytes
(epstopdf)             Command: <epstopdf --outfile=osc1_hfforce_K_128_Lx_128_t
f_1_pt5e4-eps-converted-to.pdf osc1_hfforce_K_128_Lx_128_tf_1_pt5e4.eps>
(epstopdf)             \includegraphics on input line 201.
Package epstopdf Info: Output file is already uptodate.

<osc1_hfforce_K_128_Lx_128_tf_1_pt5e4-eps-converted-to.pdf, id=49, 714.67pt x 4
32.61626pt>
File: osc1_hfforce_K_128_Lx_128_tf_1_pt5e4-eps-converted-to.pdf Graphic file (t
ype pdf)
 <use osc1_hfforce_K_128_Lx_128_tf_1_pt5e4-eps-converted-to.pdf>
Package pdftex.def Info: osc1_hfforce_K_128_Lx_128_tf_1_pt5e4-eps-converted-to.
pdf used on input line 201.
(pdftex.def)             Requested size: 183.59802pt x 111.13753pt.
Package epstopdf Info: Source file: <osc2_hfforce_K_128_Lx_128_tf_1_pt5e4.eps>
(epstopdf)                    date: 2018-09-13 08:59:12
(epstopdf)                    size: 11821831 bytes
(epstopdf)             Output file: <osc2_hfforce_K_128_Lx_128_tf_1_pt5e4-eps-c
onverted-to.pdf>
(epstopdf)                    date: 2018-09-13 09:20:12
(epstopdf)                    size: 1235282 bytes
(epstopdf)             Command: <epstopdf --outfile=osc2_hfforce_K_128_Lx_128_t
f_1_pt5e4-eps-converted-to.pdf osc2_hfforce_K_128_Lx_128_tf_1_pt5e4.eps>
(epstopdf)             \includegraphics on input line 201.
Package epstopdf Info: Output file is already uptodate.

<osc2_hfforce_K_128_Lx_128_tf_1_pt5e4-eps-converted-to.pdf, id=50, 714.67pt x 4
32.61626pt>
File: osc2_hfforce_K_128_Lx_128_tf_1_pt5e4-eps-converted-to.pdf Graphic file (t
ype pdf)
 <use osc2_hfforce_K_128_Lx_128_tf_1_pt5e4-eps-converted-to.pdf>
Package pdftex.def Info: osc2_hfforce_K_128_Lx_128_tf_1_pt5e4-eps-converted-to.
pdf used on input line 201.
(pdftex.def)             Requested size: 183.59802pt x 111.13753pt.
Package epstopdf Info: Source file: <osc3_hfforce_K_128_Lx_128_tf_1_pt5e4.eps>
(epstopdf)                    date: 2018-09-13 08:53:29
(epstopdf)                    size: 12398936 bytes
(epstopdf)             Output file: <osc3_hfforce_K_128_Lx_128_tf_1_pt5e4-eps-c
onverted-to.pdf>
(epstopdf)                    date: 2018-09-13 09:20:20
(epstopdf)                    size: 1218399 bytes
(epstopdf)             Command: <epstopdf --outfile=osc3_hfforce_K_128_Lx_128_t
f_1_pt5e4-eps-converted-to.pdf osc3_hfforce_K_128_Lx_128_tf_1_pt5e4.eps>
(epstopdf)             \includegraphics on input line 203.
Package epstopdf Info: Output file is already uptodate.

<osc3_hfforce_K_128_Lx_128_tf_1_pt5e4-eps-converted-to.pdf, id=51, 714.67pt x 4
32.61626pt>
File: osc3_hfforce_K_128_Lx_128_tf_1_pt5e4-eps-converted-to.pdf Graphic file (t
ype pdf)
 <use osc3_hfforce_K_128_Lx_128_tf_1_pt5e4-eps-converted-to.pdf>
Package pdftex.def Info: osc3_hfforce_K_128_Lx_128_tf_1_pt5e4-eps-converted-to.
pdf used on input line 203.
(pdftex.def)             Requested size: 183.59802pt x 111.13753pt.
Package epstopdf Info: Source file: <osc4_hfforce_K_128_Lx_128_tf_1_pt5e4.eps>
(epstopdf)                    date: 2018-09-13 08:53:08
(epstopdf)                    size: 5930271 bytes
(epstopdf)             Output file: <osc4_hfforce_K_128_Lx_128_tf_1_pt5e4-eps-c
onverted-to.pdf>
(epstopdf)                    date: 2018-09-13 09:20:24
(epstopdf)                    size: 865570 bytes
(epstopdf)             Command: <epstopdf --outfile=osc4_hfforce_K_128_Lx_128_t
f_1_pt5e4-eps-converted-to.pdf osc4_hfforce_K_128_Lx_128_tf_1_pt5e4.eps>
(epstopdf)             \includegraphics on input line 203.
Package epstopdf Info: Output file is already uptodate.

<osc4_hfforce_K_128_Lx_128_tf_1_pt5e4-eps-converted-to.pdf, id=52, 714.67pt x 4
32.61626pt>
File: osc4_hfforce_K_128_Lx_128_tf_1_pt5e4-eps-converted-to.pdf Graphic file (t
ype pdf)
 <use osc4_hfforce_K_128_Lx_128_tf_1_pt5e4-eps-converted-to.pdf>
Package pdftex.def Info: osc4_hfforce_K_128_Lx_128_tf_1_pt5e4-eps-converted-to.
pdf used on input line 203.
(pdftex.def)             Requested size: 183.59802pt x 111.13753pt.

Overfull \hbox (25.24582pt too wide) in paragraph at lines 198--206
 [][] 
 []

[7 <D:/My Documents/Desktop/wwt_Git_Clone/write_up/amplitude_wwt_K_128_Lx_128_t
f_1pt5e4-eps-converted-to.pdf> <D:/My Documents/Desktop/wwt_Git_Clone/write_up/
mean_wwtforce_K_128_Lx_128_tf_1_pt5e4-eps-converted-to.pdf> <D:/My Documents/De
sktop/wwt_Git_Clone/write_up/osc1_wwtforce_K_128_Lx_128_tf_1_pt5e4-eps-converte
d-to.pdf> <D:/My Documents/Desktop/wwt_Git_Clone/write_up/osc2_wwtforce_K_128_L
x_128_tf_1_pt5e4-eps-converted-to.pdf> <D:/My Documents/Desktop/wwt_Git_Clone/w
rite_up/osc3_wwtforce_K_128_Lx_128_tf_1_pt5e4-eps-converted-to.pdf> <D:/My Docu
ments/Desktop/wwt_Git_Clone/write_up/osc4_wwtforce_K_128_Lx_128_tf_1_pt5e4-eps-
converted-to.pdf>]
Package epstopdf Info: Source file: <bvals_vs_real_lam_wwtforce_K_128_Lx_128_tf
_1_pt5e4.eps>
(epstopdf)                    date: 2018-09-12 16:43:24
(epstopdf)                    size: 51324 bytes
(epstopdf)             Output file: <bvals_vs_real_lam_wwtforce_K_128_Lx_128_tf
_1_pt5e4-eps-converted-to.pdf>
(epstopdf)                    date: 2018-09-13 09:18:49
(epstopdf)                    size: 28331 bytes
(epstopdf)             Command: <epstopdf --outfile=bvals_vs_real_lam_wwtforce_
K_128_Lx_128_tf_1_pt5e4-eps-converted-to.pdf bvals_vs_real_lam_wwtforce_K_128_L
x_128_tf_1_pt5e4.eps>
(epstopdf)             \includegraphics on input line 215.
Package epstopdf Info: Output file is already uptodate.

<bvals_vs_real_lam_wwtforce_K_128_Lx_128_tf_1_pt5e4-eps-converted-to.pdf, id=81
, 714.67pt x 432.61626pt>
File: bvals_vs_real_lam_wwtforce_K_128_Lx_128_tf_1_pt5e4-eps-converted-to.pdf G
raphic file (type pdf)

<use bvals_vs_real_lam_wwtforce_K_128_Lx_128_tf_1_pt5e4-eps-converted-to.pdf>
Package pdftex.def Info: bvals_vs_real_lam_wwtforce_K_128_Lx_128_tf_1_pt5e4-eps
-converted-to.pdf used on input line 215.
(pdftex.def)             Requested size: 188.9978pt x 114.40512pt.
Package epstopdf Info: Source file: <bvals_vs_imag_lam_wwtforce_K_128_Lx_128_tf
_1_pt5e4.eps>
(epstopdf)                    date: 2018-09-12 16:43:01
(epstopdf)                    size: 49412 bytes
(epstopdf)             Output file: <bvals_vs_imag_lam_wwtforce_K_128_Lx_128_tf
_1_pt5e4-eps-converted-to.pdf>
(epstopdf)                    date: 2018-09-13 09:18:50
(epstopdf)                    size: 28317 bytes
(epstopdf)             Command: <epstopdf --outfile=bvals_vs_imag_lam_wwtforce_
K_128_Lx_128_tf_1_pt5e4-eps-converted-to.pdf bvals_vs_imag_lam_wwtforce_K_128_L
x_128_tf_1_pt5e4.eps>
(epstopdf)             \includegraphics on input line 215.
Package epstopdf Info: Output file is already uptodate.

<bvals_vs_imag_lam_wwtforce_K_128_Lx_128_tf_1_pt5e4-eps-converted-to.pdf, id=82
, 714.67pt x 432.61626pt>
File: bvals_vs_imag_lam_wwtforce_K_128_Lx_128_tf_1_pt5e4-eps-converted-to.pdf G
raphic file (type pdf)

<use bvals_vs_imag_lam_wwtforce_K_128_Lx_128_tf_1_pt5e4-eps-converted-to.pdf>
Package pdftex.def Info: bvals_vs_imag_lam_wwtforce_K_128_Lx_128_tf_1_pt5e4-eps
-converted-to.pdf used on input line 215.
(pdftex.def)             Requested size: 188.9978pt x 114.40512pt.
Package epstopdf Info: Source file: <bvals_vs_real_lam_lfforce_K_128_Lx_128_tf_
1_pt5e4.eps>
(epstopdf)                    date: 2018-09-12 17:02:35
(epstopdf)                    size: 51982 bytes
(epstopdf)             Output file: <bvals_vs_real_lam_lfforce_K_128_Lx_128_tf_
1_pt5e4-eps-converted-to.pdf>
(epstopdf)                    date: 2018-09-13 09:19:26
(epstopdf)                    size: 28239 bytes
(epstopdf)             Command: <epstopdf --outfile=bvals_vs_real_lam_lfforce_K
_128_Lx_128_tf_1_pt5e4-eps-converted-to.pdf bvals_vs_real_lam_lfforce_K_128_Lx_
128_tf_1_pt5e4.eps>
(epstopdf)             \includegraphics on input line 217.
Package epstopdf Info: Output file is already uptodate.

<bvals_vs_real_lam_lfforce_K_128_Lx_128_tf_1_pt5e4-eps-converted-to.pdf, id=83,
 714.67pt x 432.61626pt>
File: bvals_vs_real_lam_lfforce_K_128_Lx_128_tf_1_pt5e4-eps-converted-to.pdf Gr
aphic file (type pdf)

<use bvals_vs_real_lam_lfforce_K_128_Lx_128_tf_1_pt5e4-eps-converted-to.pdf>
Package pdftex.def Info: bvals_vs_real_lam_lfforce_K_128_Lx_128_tf_1_pt5e4-eps-
converted-to.pdf used on input line 217.
(pdftex.def)             Requested size: 188.9978pt x 114.40512pt.
Package epstopdf Info: Source file: <bvals_vs_imag_lam_lfforce_K_128_Lx_128_tf_
1_pt5e4.eps>
(epstopdf)                    date: 2018-09-12 17:02:25
(epstopdf)                    size: 49862 bytes
(epstopdf)             Output file: <bvals_vs_imag_lam_lfforce_K_128_Lx_128_tf_
1_pt5e4-eps-converted-to.pdf>
(epstopdf)                    date: 2018-09-13 09:19:26
(epstopdf)                    size: 28287 bytes
(epstopdf)             Command: <epstopdf --outfile=bvals_vs_imag_lam_lfforce_K
_128_Lx_128_tf_1_pt5e4-eps-converted-to.pdf bvals_vs_imag_lam_lfforce_K_128_Lx_
128_tf_1_pt5e4.eps>
(epstopdf)             \includegraphics on input line 217.
Package epstopdf Info: Output file is already uptodate.

<bvals_vs_imag_lam_lfforce_K_128_Lx_128_tf_1_pt5e4-eps-converted-to.pdf, id=84,
 714.67pt x 432.61626pt>
File: bvals_vs_imag_lam_lfforce_K_128_Lx_128_tf_1_pt5e4-eps-converted-to.pdf Gr
aphic file (type pdf)

<use bvals_vs_imag_lam_lfforce_K_128_Lx_128_tf_1_pt5e4-eps-converted-to.pdf>
Package pdftex.def Info: bvals_vs_imag_lam_lfforce_K_128_Lx_128_tf_1_pt5e4-eps-
converted-to.pdf used on input line 217.
(pdftex.def)             Requested size: 188.9978pt x 114.40512pt.
Package epstopdf Info: Source file: <bvals_vs_real_lam_hfforce_K_128_Lx_128_tf_
1_pt5e4.eps>
(epstopdf)                    date: 2018-09-13 09:04:06
(epstopdf)                    size: 50920 bytes
(epstopdf)             Output file: <bvals_vs_real_lam_hfforce_K_128_Lx_128_tf_
1_pt5e4-eps-converted-to.pdf>
(epstopdf)                    date: 2018-09-13 09:19:59
(epstopdf)                    size: 27970 bytes
(epstopdf)             Command: <epstopdf --outfile=bvals_vs_real_lam_hfforce_K
_128_Lx_128_tf_1_pt5e4-eps-converted-to.pdf bvals_vs_real_lam_hfforce_K_128_Lx_
128_tf_1_pt5e4.eps>
(epstopdf)             \includegraphics on input line 219.
Package epstopdf Info: Output file is already uptodate.

<bvals_vs_real_lam_hfforce_K_128_Lx_128_tf_1_pt5e4-eps-converted-to.pdf, id=85,
 714.67pt x 432.61626pt>
File: bvals_vs_real_lam_hfforce_K_128_Lx_128_tf_1_pt5e4-eps-converted-to.pdf Gr
aphic file (type pdf)

<use bvals_vs_real_lam_hfforce_K_128_Lx_128_tf_1_pt5e4-eps-converted-to.pdf>
Package pdftex.def Info: bvals_vs_real_lam_hfforce_K_128_Lx_128_tf_1_pt5e4-eps-
converted-to.pdf used on input line 219.
(pdftex.def)             Requested size: 188.9978pt x 114.40512pt.
Package epstopdf Info: Source file: <bvals_vs_imag_lam_hfforce_K_128_Lx_128_tf_
1_pt5e4.eps>
(epstopdf)                    date: 2018-09-13 09:03:28
(epstopdf)                    size: 49002 bytes
(epstopdf)             Output file: <bvals_vs_imag_lam_hfforce_K_128_Lx_128_tf_
1_pt5e4-eps-converted-to.pdf>
(epstopdf)                    date: 2018-09-13 09:20:00
(epstopdf)                    size: 27989 bytes
(epstopdf)             Command: <epstopdf --outfile=bvals_vs_imag_lam_hfforce_K
_128_Lx_128_tf_1_pt5e4-eps-converted-to.pdf bvals_vs_imag_lam_hfforce_K_128_Lx_
128_tf_1_pt5e4.eps>
(epstopdf)             \includegraphics on input line 219.
Package epstopdf Info: Output file is already uptodate.

<bvals_vs_imag_lam_hfforce_K_128_Lx_128_tf_1_pt5e4-eps-converted-to.pdf, id=86,
 714.67pt x 432.61626pt>
File: bvals_vs_imag_lam_hfforce_K_128_Lx_128_tf_1_pt5e4-eps-converted-to.pdf Gr
aphic file (type pdf)

<use bvals_vs_imag_lam_hfforce_K_128_Lx_128_tf_1_pt5e4-eps-converted-to.pdf>
Package pdftex.def Info: bvals_vs_imag_lam_hfforce_K_128_Lx_128_tf_1_pt5e4-eps-
converted-to.pdf used on input line 219.
(pdftex.def)             Requested size: 188.9978pt x 114.40512pt.

Overfull \hbox (20.6456pt too wide) in paragraph at lines 214--222
 [][] 
 []

[8 <D:/My Documents/Desktop/wwt_Git_Clone/write_up/amplitude_lfforce_K_128_Lx_1
28_tf_1pt5e4-eps-converted-to.pdf> <D:/My Documents/Desktop/wwt_Git_Clone/write
_up/mean_lfforce_K_128_Lx_128_tf_1_pt5e4-eps-converted-to.pdf> <D:/My Documents
/Desktop/wwt_Git_Clone/write_up/osc1_lfforce_K_128_Lx_128_tf_1_pt5e4-eps-conver
ted-to.pdf> <D:/My Documents/Desktop/wwt_Git_Clone/write_up/osc2_lfforce_K_128_
Lx_128_tf_1_pt5e4-eps-converted-to.pdf> <D:/My Documents/Desktop/wwt_Git_Clone/
write_up/osc3_lfforce_K_128_Lx_128_tf_1_pt5e4-eps-converted-to.pdf> <D:/My Docu
ments/Desktop/wwt_Git_Clone/write_up/osc4_lfforce_K_128_Lx_128_tf_1_pt5e4-eps-c
onverted-to.pdf>] [9 <D:/My Documents/Desktop/wwt_Git_Clone/write_up/amplitude_
hfforce_K_128_Lx_128_tf_1pt5e4-eps-converted-to.pdf> <D:/My Documents/Desktop/w
wt_Git_Clone/write_up/mean_hfforce_K_128_Lx_128_tf_1_pt5e4-eps-converted-to.pdf
> <D:/My Documents/Desktop/wwt_Git_Clone/write_up/osc1_hfforce_K_128_Lx_128_tf_
1_pt5e4-eps-converted-to.pdf> <D:/My Documents/Desktop/wwt_Git_Clone/write_up/o
sc2_hfforce_K_128_Lx_128_tf_1_pt5e4-eps-converted-to.pdf> <D:/My Documents/Desk
top/wwt_Git_Clone/write_up/osc3_hfforce_K_128_Lx_128_tf_1_pt5e4-eps-converted-t
o.pdf> <D:/My Documents/Desktop/wwt_Git_Clone/write_up/osc4_hfforce_K_128_Lx_12
8_tf_1_pt5e4-eps-converted-to.pdf>] [10 <D:/My Documents/Desktop/wwt_Git_Clone/
write_up/bvals_vs_real_lam_wwtforce_K_128_Lx_128_tf_1_pt5e4-eps-converted-to.pd
f> <D:/My Documents/Desktop/wwt_Git_Clone/write_up/bvals_vs_imag_lam_wwtforce_K
_128_Lx_128_tf_1_pt5e4-eps-converted-to.pdf> <D:/My Documents/Desktop/wwt_Git_C
lone/write_up/bvals_vs_real_lam_lfforce_K_128_Lx_128_tf_1_pt5e4-eps-converted-t
o.pdf> <D:/My Documents/Desktop/wwt_Git_Clone/write_up/bvals_vs_imag_lam_lfforc
e_K_128_Lx_128_tf_1_pt5e4-eps-converted-to.pdf> <D:/My Documents/Desktop/wwt_Gi
t_Clone/write_up/bvals_vs_real_lam_hfforce_K_128_Lx_128_tf_1_pt5e4-eps-converte
d-to.pdf> <D:/My Documents/Desktop/wwt_Git_Clone/write_up/bvals_vs_imag_lam_hff
orce_K_128_Lx_128_tf_1_pt5e4-eps-converted-to.pdf>]
Package epstopdf Info: Source file: <full_spec_wwt_K_128_Lx_128_tf_1_pt5e4.eps>

(epstopdf)                    date: 2018-09-12 16:39:29
(epstopdf)                    size: 73354 bytes
(epstopdf)             Output file: <full_spec_wwt_K_128_Lx_128_tf_1_pt5e4-eps-
converted-to.pdf>
(epstopdf)                    date: 2018-09-13 09:24:36
(epstopdf)                    size: 43309 bytes
(epstopdf)             Command: <epstopdf --outfile=full_spec_wwt_K_128_Lx_128_
tf_1_pt5e4-eps-converted-to.pdf full_spec_wwt_K_128_Lx_128_tf_1_pt5e4.eps>
(epstopdf)             \includegraphics on input line 232.
Package epstopdf Info: Output file is already uptodate.

<full_spec_wwt_K_128_Lx_128_tf_1_pt5e4-eps-converted-to.pdf, id=162, 714.67pt x
 432.61626pt>
File: full_spec_wwt_K_128_Lx_128_tf_1_pt5e4-eps-converted-to.pdf Graphic file (
type pdf)
 <use full_spec_wwt_K_128_Lx_128_tf_1_pt5e4-eps-converted-to.pdf>
Package pdftex.def Info: full_spec_wwt_K_128_Lx_128_tf_1_pt5e4-eps-converted-to
.pdf used on input line 232.
(pdftex.def)             Requested size: 188.9978pt x 114.40512pt.
Package epstopdf Info: Source file: <cratio_wwt_K_128_Lx_128_tf_1pt5e4.eps>
(epstopdf)                    date: 2018-09-12 16:37:55
(epstopdf)                    size: 35621 bytes
(epstopdf)             Output file: <cratio_wwt_K_128_Lx_128_tf_1pt5e4-eps-conv
erted-to.pdf>
(epstopdf)                    date: 2018-09-13 09:24:36
(epstopdf)                    size: 11609 bytes
(epstopdf)             Command: <epstopdf --outfile=cratio_wwt_K_128_Lx_128_tf_
1pt5e4-eps-converted-to.pdf cratio_wwt_K_128_Lx_128_tf_1pt5e4.eps>
(epstopdf)             \includegraphics on input line 232.
Package epstopdf Info: Output file is already uptodate.

<cratio_wwt_K_128_Lx_128_tf_1pt5e4-eps-converted-to.pdf, id=163, 714.67pt x 432
.61626pt>
File: cratio_wwt_K_128_Lx_128_tf_1pt5e4-eps-converted-to.pdf Graphic file (type
 pdf)
 <use cratio_wwt_K_128_Lx_128_tf_1pt5e4-eps-converted-to.pdf>
Package pdftex.def Info: cratio_wwt_K_128_Lx_128_tf_1pt5e4-eps-converted-to.pdf
 used on input line 232.
(pdftex.def)             Requested size: 188.9978pt x 114.40512pt.
Package epstopdf Info: Source file: <full_spec_lf_K_128_Lx_128_tf_1_pt5e4.eps>
(epstopdf)                    date: 2018-09-12 17:00:14
(epstopdf)                    size: 73130 bytes
(epstopdf)             Output file: <full_spec_lf_K_128_Lx_128_tf_1_pt5e4-eps-c
onverted-to.pdf>
(epstopdf)                    date: 2018-09-13 09:33:58
(epstopdf)                    size: 44007 bytes
(epstopdf)             Command: <epstopdf --outfile=full_spec_lf_K_128_Lx_128_t
f_1_pt5e4-eps-converted-to.pdf full_spec_lf_K_128_Lx_128_tf_1_pt5e4.eps>
(epstopdf)             \includegraphics on input line 234.
Package epstopdf Info: Output file is already uptodate.

<full_spec_lf_K_128_Lx_128_tf_1_pt5e4-eps-converted-to.pdf, id=164, 714.67pt x 
432.61626pt>
File: full_spec_lf_K_128_Lx_128_tf_1_pt5e4-eps-converted-to.pdf Graphic file (t
ype pdf)
 <use full_spec_lf_K_128_Lx_128_tf_1_pt5e4-eps-converted-to.pdf>
Package pdftex.def Info: full_spec_lf_K_128_Lx_128_tf_1_pt5e4-eps-converted-to.
pdf used on input line 234.
(pdftex.def)             Requested size: 188.9978pt x 114.40512pt.
Package epstopdf Info: Source file: <cratio_lfforce_K_128_Lx_128_tf_1pt5e4.eps>

(epstopdf)                    date: 2018-09-12 16:59:35
(epstopdf)                    size: 35381 bytes
(epstopdf)             Output file: <cratio_lfforce_K_128_Lx_128_tf_1pt5e4-eps-
converted-to.pdf>
(epstopdf)                    date: 2018-09-13 09:34:06
(epstopdf)                    size: 11288 bytes
(epstopdf)             Command: <epstopdf --outfile=cratio_lfforce_K_128_Lx_128
_tf_1pt5e4-eps-converted-to.pdf cratio_lfforce_K_128_Lx_128_tf_1pt5e4.eps>
(epstopdf)             \includegraphics on input line 234.
Package epstopdf Info: Output file is already uptodate.

<cratio_lfforce_K_128_Lx_128_tf_1pt5e4-eps-converted-to.pdf, id=165, 714.67pt x
 432.61626pt>
File: cratio_lfforce_K_128_Lx_128_tf_1pt5e4-eps-converted-to.pdf Graphic file (
type pdf)
 <use cratio_lfforce_K_128_Lx_128_tf_1pt5e4-eps-converted-to.pdf>
Package pdftex.def Info: cratio_lfforce_K_128_Lx_128_tf_1pt5e4-eps-converted-to
.pdf used on input line 234.
(pdftex.def)             Requested size: 188.9978pt x 114.40512pt.
Package epstopdf Info: Source file: <full_spec_hf_K_128_Lx_128_tf_1_pt5e4.eps>
(epstopdf)                    date: 2018-09-13 08:52:52
(epstopdf)                    size: 73379 bytes
(epstopdf)             Output file: <full_spec_hf_K_128_Lx_128_tf_1_pt5e4-eps-c
onverted-to.pdf>
(epstopdf)                    date: 2018-09-13 09:38:48
(epstopdf)                    size: 42776 bytes
(epstopdf)             Command: <epstopdf --outfile=full_spec_hf_K_128_Lx_128_t
f_1_pt5e4-eps-converted-to.pdf full_spec_hf_K_128_Lx_128_tf_1_pt5e4.eps>
(epstopdf)             \includegraphics on input line 236.
Package epstopdf Info: Output file is already uptodate.

<full_spec_hf_K_128_Lx_128_tf_1_pt5e4-eps-converted-to.pdf, id=166, 714.67pt x 
432.61626pt>
File: full_spec_hf_K_128_Lx_128_tf_1_pt5e4-eps-converted-to.pdf Graphic file (t
ype pdf)
 <use full_spec_hf_K_128_Lx_128_tf_1_pt5e4-eps-converted-to.pdf>
Package pdftex.def Info: full_spec_hf_K_128_Lx_128_tf_1_pt5e4-eps-converted-to.
pdf used on input line 236.
(pdftex.def)             Requested size: 188.9978pt x 114.40512pt.
Package epstopdf Info: Source file: <cratio_hfforce_K_128_Lx_128_tf_1pt5e4.eps>

(epstopdf)                    date: 2018-09-13 08:51:18
(epstopdf)                    size: 35244 bytes
(epstopdf)             Output file: <cratio_hfforce_K_128_Lx_128_tf_1pt5e4-eps-
converted-to.pdf>
(epstopdf)                    date: 2018-09-13 09:38:49
(epstopdf)                    size: 12842 bytes
(epstopdf)             Command: <epstopdf --outfile=cratio_hfforce_K_128_Lx_128
_tf_1pt5e4-eps-converted-to.pdf cratio_hfforce_K_128_Lx_128_tf_1pt5e4.eps>
(epstopdf)             \includegraphics on input line 236.
Package epstopdf Info: Output file is already uptodate.

<cratio_hfforce_K_128_Lx_128_tf_1pt5e4-eps-converted-to.pdf, id=167, 714.67pt x
 432.61626pt>
File: cratio_hfforce_K_128_Lx_128_tf_1pt5e4-eps-converted-to.pdf Graphic file (
type pdf)
 <use cratio_hfforce_K_128_Lx_128_tf_1pt5e4-eps-converted-to.pdf>
Package pdftex.def Info: cratio_hfforce_K_128_Lx_128_tf_1pt5e4-eps-converted-to
.pdf used on input line 236.
(pdftex.def)             Requested size: 188.9978pt x 114.40512pt.

Overfull \hbox (20.6456pt too wide) in paragraph at lines 231--239
 [][] 
 []

[11 <D:/My Documents/Desktop/wwt_Git_Clone/write_up/full_spec_wwt_K_128_Lx_128_
tf_1_pt5e4-eps-converted-to.pdf> <D:/My Documents/Desktop/wwt_Git_Clone/write_u
p/cratio_wwt_K_128_Lx_128_tf_1pt5e4-eps-converted-to.pdf> <D:/My Documents/Desk
top/wwt_Git_Clone/write_up/full_spec_lf_K_128_Lx_128_tf_1_pt5e4-eps-converted-t
o.pdf> <D:/My Documents/Desktop/wwt_Git_Clone/write_up/cratio_lfforce_K_128_Lx_
128_tf_1pt5e4-eps-converted-to.pdf> <D:/My Documents/Desktop/wwt_Git_Clone/writ
e_up/full_spec_hf_K_128_Lx_128_tf_1_pt5e4-eps-converted-to.pdf> <D:/My Document
s/Desktop/wwt_Git_Clone/write_up/cratio_hfforce_K_128_Lx_128_tf_1pt5e4-eps-conv
erted-to.pdf>]
("D:\My Documents\Desktop\wwt_Git_Clone\write_up\coherent_structures_dmd_no_vor
t.bbl" [12]) [13]
("D:\My Documents\Desktop\wwt_Git_Clone\write_up\coherent_structures_dmd_no_vor
t.aux") ) 
Here is how much of TeX's memory you used:
 2591 strings out of 493921
 41110 string characters out of 3147276
 90891 words of memory out of 3000000
 5811 multiletter control sequences out of 15000+200000
 12319 words of font info for 46 fonts, out of 3000000 for 9000
 841 hyphenation exceptions out of 8191
 42i,12n,26p,1245b,310s stack positions out of 5000i,500n,10000p,200000b,50000s
<C:/Program Files/MiKTeX 2.9/fonts/type1/public/amsfonts/cm/cmbx10.pfb
><C:/Program Files/MiKTeX 2.9/fonts/type1/public/amsfonts/cm/cmbx12.pfb><C:/Pro
gram Files/MiKTeX 2.9/fonts/type1/public/amsfonts/cm/cmbx8.pfb><C:/Program File
s/MiKTeX 2.9/fonts/type1/public/amsfonts/cm/cmex10.pfb><C:/Program Files/MiKTeX
 2.9/fonts/type1/public/amsfonts/cm/cmmi10.pfb><C:/Program Files/MiKTeX 2.9/fon
ts/type1/public/amsfonts/cm/cmmi6.pfb><C:/Program Files/MiKTeX 2.9/fonts/type1/
public/amsfonts/cm/cmmi8.pfb><C:/Program Files/MiKTeX 2.9/fonts/type1/public/am
sfonts/cm/cmr10.pfb><C:/Program Files/MiKTeX 2.9/fonts/type1/public/amsfonts/cm
/cmr12.pfb><C:/Program Files/MiKTeX 2.9/fonts/type1/public/amsfonts/cm/cmr17.pf
b><C:/Program Files/MiKTeX 2.9/fonts/type1/public/amsfonts/cm/cmr6.pfb><C:/Prog
ram Files/MiKTeX 2.9/fonts/type1/public/amsfonts/cm/cmr8.pfb><C:/Program Files/
MiKTeX 2.9/fonts/type1/public/amsfonts/cm/cmsy10.pfb><C:/Program Files/MiKTeX 2
.9/fonts/type1/public/amsfonts/cm/cmsy8.pfb><C:/Program Files/MiKTeX 2.9/fonts/
type1/public/amsfonts/cm/cmti10.pfb><C:/Program Files/MiKTeX 2.9/fonts/type1/pu
blic/amsfonts/symbols/msbm10.pfb>
Output written on coherent_structures_dmd_no_vort.pdf (13 pages, 17160284 bytes
).
PDF statistics:
 247 PDF objects out of 1000 (max. 8388607)
 0 named destinations out of 1000 (max. 500000)
 151 words of extra memory for PDF output out of 10000 (max. 10000000)

