This is pdfTeX, Version 3.1415926-2.5-1.40.14 (MiKTeX 2.9 64-bit) (preloaded format=pdflatex 2013.10.8)  8 AUG 2018 14:38
entering extended mode
**D:/My*Documents/Desktop/wwt_Git_Clone/write_up/coherent_structures_dmd.tex
("D:/My Documents/Desktop/wwt_Git_Clone/write_up/coherent_structures_dmd.tex"
LaTeX2e <2011/06/27>
Babel <v3.8m> and hyphenation patterns for english, afrikaans, ancientgreek, ar
abic, armenian, assamese, basque, bengali, bokmal, bulgarian, catalan, coptic, 
croatian, czech, danish, dutch, esperanto, estonian, farsi, finnish, french, ga
lician, german, german-x-2013-05-26, greek, gujarati, hindi, hungarian, iceland
ic, indonesian, interlingua, irish, italian, kannada, kurmanji, latin, latvian,
 lithuanian, malayalam, marathi, mongolian, mongolianlmc, monogreek, ngerman, n
german-x-2013-05-26, nynorsk, oriya, panjabi, pinyin, polish, portuguese, roman
ian, russian, sanskrit, serbian, slovak, slovenian, spanish, swedish, swissgerm
an, tamil, telugu, turkish, turkmen, ukenglish, ukrainian, uppersorbian, usengl
ishmax, welsh, loaded.
("C:\Program Files\MiKTeX 2.9\tex\latex\base\article.cls"
Document Class: article 2007/10/19 v1.4h Standard LaTeX document class
("C:\Program Files\MiKTeX 2.9\tex\latex\base\size11.clo"
File: size11.clo 2007/10/19 v1.4h Standard LaTeX file (size option)
)
\c@part=\count79
\c@section=\count80
\c@subsection=\count81
\c@subsubsection=\count82
\c@paragraph=\count83
\c@subparagraph=\count84
\c@figure=\count85
\c@table=\count86
\abovecaptionskip=\skip41
\belowcaptionskip=\skip42
\bibindent=\dimen102
)
("C:\Program Files\MiKTeX 2.9\tex\latex\amsmath\amsmath.sty"
Package: amsmath 2013/01/14 v2.14 AMS math features
\@mathmargin=\skip43

For additional information on amsmath, use the `?' option.
("C:\Program Files\MiKTeX 2.9\tex\latex\amsmath\amstext.sty"
Package: amstext 2000/06/29 v2.01

("C:\Program Files\MiKTeX 2.9\tex\latex\amsmath\amsgen.sty"
File: amsgen.sty 1999/11/30 v2.0
\@emptytoks=\toks14
\ex@=\dimen103
))
("C:\Program Files\MiKTeX 2.9\tex\latex\amsmath\amsbsy.sty"
Package: amsbsy 1999/11/29 v1.2d
\pmbraise@=\dimen104
)
("C:\Program Files\MiKTeX 2.9\tex\latex\amsmath\amsopn.sty"
Package: amsopn 1999/12/14 v2.01 operator names
)
\inf@bad=\count87
LaTeX Info: Redefining \frac on input line 210.
\uproot@=\count88
\leftroot@=\count89
LaTeX Info: Redefining \overline on input line 306.
\classnum@=\count90
\DOTSCASE@=\count91
LaTeX Info: Redefining \ldots on input line 378.
LaTeX Info: Redefining \dots on input line 381.
LaTeX Info: Redefining \cdots on input line 466.
\Mathstrutbox@=\box26
\strutbox@=\box27
\big@size=\dimen105
LaTeX Font Info:    Redeclaring font encoding OML on input line 566.
LaTeX Font Info:    Redeclaring font encoding OMS on input line 567.
\macc@depth=\count92
\c@MaxMatrixCols=\count93
\dotsspace@=\muskip10
\c@parentequation=\count94
\dspbrk@lvl=\count95
\tag@help=\toks15
\row@=\count96
\column@=\count97
\maxfields@=\count98
\andhelp@=\toks16
\eqnshift@=\dimen106
\alignsep@=\dimen107
\tagshift@=\dimen108
\tagwidth@=\dimen109
\totwidth@=\dimen110
\lineht@=\dimen111
\@envbody=\toks17
\multlinegap=\skip44
\multlinetaggap=\skip45
\mathdisplay@stack=\toks18
LaTeX Info: Redefining \[ on input line 2665.
LaTeX Info: Redefining \] on input line 2666.
)
("C:\Program Files\MiKTeX 2.9\tex\latex\amsfonts\amssymb.sty"
Package: amssymb 2013/01/14 v3.01 AMS font symbols

("C:\Program Files\MiKTeX 2.9\tex\latex\amsfonts\amsfonts.sty"
Package: amsfonts 2013/01/14 v3.01 Basic AMSFonts support
\symAMSa=\mathgroup4
\symAMSb=\mathgroup5
LaTeX Font Info:    Overwriting math alphabet `\mathfrak' in version `bold'
(Font)                  U/euf/m/n --> U/euf/b/n on input line 106.
))
("C:\Program Files\MiKTeX 2.9\tex\latex\graphics\graphicx.sty"
Package: graphicx 1999/02/16 v1.0f Enhanced LaTeX Graphics (DPC,SPQR)

("C:\Program Files\MiKTeX 2.9\tex\latex\graphics\keyval.sty"
Package: keyval 1999/03/16 v1.13 key=value parser (DPC)
\KV@toks@=\toks19
)
("C:\Program Files\MiKTeX 2.9\tex\latex\graphics\graphics.sty"
Package: graphics 2009/02/05 v1.0o Standard LaTeX Graphics (DPC,SPQR)

("C:\Program Files\MiKTeX 2.9\tex\latex\graphics\trig.sty"
Package: trig 1999/03/16 v1.09 sin cos tan (DPC)
)
("C:\Program Files\MiKTeX 2.9\tex\latex\00miktex\graphics.cfg"
File: graphics.cfg 2007/01/18 v1.5 graphics configuration of teTeX/TeXLive
)
Package graphics Info: Driver file: pdftex.def on input line 91.

("C:\Program Files\MiKTeX 2.9\tex\latex\pdftex-def\pdftex.def"
File: pdftex.def 2011/05/27 v0.06d Graphics/color for pdfTeX

("C:\Program Files\MiKTeX 2.9\tex\generic\oberdiek\infwarerr.sty"
Package: infwarerr 2010/04/08 v1.3 Providing info/warning/error messages (HO)
)
("C:\Program Files\MiKTeX 2.9\tex\generic\oberdiek\ltxcmds.sty"
Package: ltxcmds 2011/11/09 v1.22 LaTeX kernel commands for general use (HO)
)
\Gread@gobject=\count99
))
\Gin@req@height=\dimen112
\Gin@req@width=\dimen113
)
("C:\Program Files\MiKTeX 2.9\tex\latex\oberdiek\epstopdf.sty"
Package: epstopdf 2010/02/09 v2.5 Conversion with epstopdf on the fly (HO)

("C:\Program Files\MiKTeX 2.9\tex\latex\oberdiek\epstopdf-base.sty"
Package: epstopdf-base 2010/02/09 v2.5 Base part for package epstopdf

("C:\Program Files\MiKTeX 2.9\tex\latex\oberdiek\grfext.sty"
Package: grfext 2010/08/19 v1.1 Manage graphics extensions (HO)

("C:\Program Files\MiKTeX 2.9\tex\generic\oberdiek\kvdefinekeys.sty"
Package: kvdefinekeys 2011/04/07 v1.3 Define keys (HO)
))
("C:\Program Files\MiKTeX 2.9\tex\latex\oberdiek\kvoptions.sty"
Package: kvoptions 2011/06/30 v3.11 Key value format for package options (HO)

("C:\Program Files\MiKTeX 2.9\tex\generic\oberdiek\kvsetkeys.sty"
Package: kvsetkeys 2012/04/25 v1.16 Key value parser (HO)

("C:\Program Files\MiKTeX 2.9\tex\generic\oberdiek\etexcmds.sty"
Package: etexcmds 2011/02/16 v1.5 Avoid name clashes with e-TeX commands (HO)

("C:\Program Files\MiKTeX 2.9\tex\generic\oberdiek\ifluatex.sty"
Package: ifluatex 2010/03/01 v1.3 Provides the ifluatex switch (HO)
Package ifluatex Info: LuaTeX not detected.
)
Package etexcmds Info: Could not find \expanded.
(etexcmds)             That can mean that you are not using pdfTeX 1.50 or
(etexcmds)             that some package has redefined \expanded.
(etexcmds)             In the latter case, load this package earlier.
)))
("C:\Program Files\MiKTeX 2.9\tex\generic\oberdiek\pdftexcmds.sty"
Package: pdftexcmds 2011/11/29 v0.20 Utility functions of pdfTeX for LuaTeX (HO
)

("C:\Program Files\MiKTeX 2.9\tex\generic\oberdiek\ifpdf.sty"
Package: ifpdf 2011/01/30 v2.3 Provides the ifpdf switch (HO)
Package ifpdf Info: pdfTeX in PDF mode is detected.
)
Package pdftexcmds Info: LuaTeX not detected.
Package pdftexcmds Info: \pdf@primitive is available.
Package pdftexcmds Info: \pdf@ifprimitive is available.
Package pdftexcmds Info: \pdfdraftmode found.
)
Package grfext Info: Graphics extension search list:
(grfext)             [.png,.pdf,.jpg,.mps,.jpeg,.jbig2,.jb2,.PNG,.PDF,.JPG,.JPE
G,.JBIG2,.JB2,.eps]
(grfext)             \AppendGraphicsExtensions on input line 452.
))
("D:\My Documents\Desktop\wwt_Git_Clone\write_up\coherent_structures_dmd.aux")
LaTeX Font Info:    Checking defaults for OML/cmm/m/it on input line 55.
LaTeX Font Info:    ... okay on input line 55.
LaTeX Font Info:    Checking defaults for T1/cmr/m/n on input line 55.
LaTeX Font Info:    ... okay on input line 55.
LaTeX Font Info:    Checking defaults for OT1/cmr/m/n on input line 55.
LaTeX Font Info:    ... okay on input line 55.
LaTeX Font Info:    Checking defaults for OMS/cmsy/m/n on input line 55.
LaTeX Font Info:    ... okay on input line 55.
LaTeX Font Info:    Checking defaults for OMX/cmex/m/n on input line 55.
LaTeX Font Info:    ... okay on input line 55.
LaTeX Font Info:    Checking defaults for U/cmr/m/n on input line 55.
LaTeX Font Info:    ... okay on input line 55.

("C:\Program Files\MiKTeX 2.9\tex\context\base\supp-pdf.mkii"
[Loading MPS to PDF converter (version 2006.09.02).]
\scratchcounter=\count100
\scratchdimen=\dimen114
\scratchbox=\box28
\nofMPsegments=\count101
\nofMParguments=\count102
\everyMPshowfont=\toks20
\MPscratchCnt=\count103
\MPscratchDim=\dimen115
\MPnumerator=\count104
\makeMPintoPDFobject=\count105
\everyMPtoPDFconversion=\toks21
)
LaTeX Font Info:    Try loading font information for U+msa on input line 56.
 ("C:\Program Files\MiKTeX 2.9\tex\latex\amsfonts\umsa.fd"
File: umsa.fd 2013/01/14 v3.01 AMS symbols A
)
LaTeX Font Info:    Try loading font information for U+msb on input line 56.

("C:\Program Files\MiKTeX 2.9\tex\latex\amsfonts\umsb.fd"
File: umsb.fd 2013/01/14 v3.01 AMS symbols B
)
Overfull \hbox (4.05455pt too wide) in paragraph at lines 60--61
[]\OT1/cmr/m/n/10.95 This break-down is best char-ac-ter-ized by the for-ma-tio
n of long-wavelength,
 []

[1

{C:/ProgramData/MiKTeX/2.9/pdftex/config/pdftex.map}] [2] [3]
Package epstopdf Info: Source file: <four_vortex_tf_20_K_256_Llx_128.eps>
(epstopdf)                    date: 2018-08-08 10:51:08
(epstopdf)                    size: 345906 bytes
(epstopdf)             Output file: <four_vortex_tf_20_K_256_Llx_128-eps-conver
ted-to.pdf>
(epstopdf)                    date: 2018-08-08 14:07:10
(epstopdf)                    size: 235511 bytes
(epstopdf)             Command: <epstopdf --outfile=four_vortex_tf_20_K_256_Llx
_128-eps-converted-to.pdf four_vortex_tf_20_K_256_Llx_128.eps>
(epstopdf)             \includegraphics on input line 152.
Package epstopdf Info: Output file is already uptodate.

<four_vortex_tf_20_K_256_Llx_128-eps-converted-to.pdf, id=24, 714.67pt x 432.61
626pt>
File: four_vortex_tf_20_K_256_Llx_128-eps-converted-to.pdf Graphic file (type p
df)
 <use four_vortex_tf_20_K_256_Llx_128-eps-converted-to.pdf>
Package pdftex.def Info: four_vortex_tf_20_K_256_Llx_128-eps-converted-to.pdf u
sed on input line 152.
(pdftex.def)             Requested size: 187.20154pt x 113.31592pt.
Package epstopdf Info: Source file: <dmd1_four_vortex_tf_20_K_256_Llx_128.eps>
(epstopdf)                    date: 2018-08-08 10:55:50
(epstopdf)                    size: 184588 bytes
(epstopdf)             Output file: <dmd1_four_vortex_tf_20_K_256_Llx_128-eps-c
onverted-to.pdf>
(epstopdf)                    date: 2018-08-08 14:07:52
(epstopdf)                    size: 135948 bytes
(epstopdf)             Command: <epstopdf --outfile=dmd1_four_vortex_tf_20_K_25
6_Llx_128-eps-converted-to.pdf dmd1_four_vortex_tf_20_K_256_Llx_128.eps>
(epstopdf)             \includegraphics on input line 152.
Package epstopdf Info: Output file is already uptodate.

<dmd1_four_vortex_tf_20_K_256_Llx_128-eps-converted-to.pdf, id=25, 714.67pt x 4
32.61626pt>
File: dmd1_four_vortex_tf_20_K_256_Llx_128-eps-converted-to.pdf Graphic file (t
ype pdf)
 <use dmd1_four_vortex_tf_20_K_256_Llx_128-eps-converted-to.pdf>
Package pdftex.def Info: dmd1_four_vortex_tf_20_K_256_Llx_128-eps-converted-to.
pdf used on input line 152.
(pdftex.def)             Requested size: 187.20154pt x 113.31592pt.
Package epstopdf Info: Source file: <dmd2_four_vortex_tf_20_K_256_Llx_128.eps>
(epstopdf)                    date: 2018-08-08 10:53:48
(epstopdf)                    size: 1601194 bytes
(epstopdf)             Output file: <dmd2_four_vortex_tf_20_K_256_Llx_128-eps-c
onverted-to.pdf>
(epstopdf)                    date: 2018-08-08 14:07:54
(epstopdf)                    size: 130155 bytes
(epstopdf)             Command: <epstopdf --outfile=dmd2_four_vortex_tf_20_K_25
6_Llx_128-eps-converted-to.pdf dmd2_four_vortex_tf_20_K_256_Llx_128.eps>
(epstopdf)             \includegraphics on input line 154.
Package epstopdf Info: Output file is already uptodate.

<dmd2_four_vortex_tf_20_K_256_Llx_128-eps-converted-to.pdf, id=26, 714.67pt x 4
32.61626pt>
File: dmd2_four_vortex_tf_20_K_256_Llx_128-eps-converted-to.pdf Graphic file (t
ype pdf)
 <use dmd2_four_vortex_tf_20_K_256_Llx_128-eps-converted-to.pdf>
Package pdftex.def Info: dmd2_four_vortex_tf_20_K_256_Llx_128-eps-converted-to.
pdf used on input line 154.
(pdftex.def)             Requested size: 187.20154pt x 113.31592pt.
Package epstopdf Info: Source file: <dmd_mags_tf_20_K_256_Llx_128.eps>
(epstopdf)                    date: 2018-08-08 10:52:20
(epstopdf)                    size: 27006 bytes
(epstopdf)             Output file: <dmd_mags_tf_20_K_256_Llx_128-eps-converted
-to.pdf>
(epstopdf)                    date: 2018-08-08 14:07:11
(epstopdf)                    size: 9853 bytes
(epstopdf)             Command: <epstopdf --outfile=dmd_mags_tf_20_K_256_Llx_12
8-eps-converted-to.pdf dmd_mags_tf_20_K_256_Llx_128.eps>
(epstopdf)             \includegraphics on input line 154.
Package epstopdf Info: Output file is already uptodate.

<dmd_mags_tf_20_K_256_Llx_128-eps-converted-to.pdf, id=27, 714.67pt x 432.61626
pt>
File: dmd_mags_tf_20_K_256_Llx_128-eps-converted-to.pdf Graphic file (type pdf)

 <use dmd_mags_tf_20_K_256_Llx_128-eps-converted-to.pdf>
Package pdftex.def Info: dmd_mags_tf_20_K_256_Llx_128-eps-converted-to.pdf used
 on input line 154.
(pdftex.def)             Requested size: 187.20154pt x 113.31592pt.

Overfull \hbox (18.05307pt too wide) in paragraph at lines 151--157
 [][] 
 []

[4] [5 <D:/My Documents/Desktop/wwt_Git_Clone/write_up/four_vortex_tf_20_K_256_
Llx_128-eps-converted-to.pdf> <D:/My Documents/Desktop/wwt_Git_Clone/write_up/d
md1_four_vortex_tf_20_K_256_Llx_128-eps-converted-to.pdf> <D:/My Documents/Desk
top/wwt_Git_Clone/write_up/dmd2_four_vortex_tf_20_K_256_Llx_128-eps-converted-t
o.pdf> <D:/My Documents/Desktop/wwt_Git_Clone/write_up/dmd_mags_tf_20_K_256_Llx
_128-eps-converted-to.pdf>]

LaTeX Warning: Reference `fig:bmmagslfwwt' on page 6 undefined on input line 16
8.

Package epstopdf Info: Source file: <amplitude_wwt_K_128_Lx_128_tf_1pt5e4.eps>
(epstopdf)                    date: 2018-08-06 09:04:41
(epstopdf)                    size: 173684 bytes
(epstopdf)             Output file: <amplitude_wwt_K_128_Lx_128_tf_1pt5e4-eps-c
onverted-to.pdf>
(epstopdf)                    date: 2018-08-06 09:04:41
(epstopdf)                    size: 20155 bytes
(epstopdf)             Command: <epstopdf --outfile=amplitude_wwt_K_128_Lx_128_
tf_1pt5e4-eps-converted-to.pdf amplitude_wwt_K_128_Lx_128_tf_1pt5e4.eps>
(epstopdf)             \includegraphics on input line 172.
Package epstopdf Info: Output file is already uptodate.

<amplitude_wwt_K_128_Lx_128_tf_1pt5e4-eps-converted-to.pdf, id=55, 697.60625pt 
x 483.8075pt>
File: amplitude_wwt_K_128_Lx_128_tf_1pt5e4-eps-converted-to.pdf Graphic file (t
ype pdf)
 <use amplitude_wwt_K_128_Lx_128_tf_1pt5e4-eps-converted-to.pdf>
Package pdftex.def Info: amplitude_wwt_K_128_Lx_128_tf_1pt5e4-eps-converted-to.
pdf used on input line 172.
(pdftex.def)             Requested size: 187.20154pt x 129.82509pt.
Package epstopdf Info: Source file: <dmd1_amplitude_wwt_K_128_Lx_128_tf_1pt5e4.
eps>
(epstopdf)                    date: 2018-08-06 09:04:41
(epstopdf)                    size: 157589 bytes
(epstopdf)             Output file: <dmd1_amplitude_wwt_K_128_Lx_128_tf_1pt5e4-
eps-converted-to.pdf>
(epstopdf)                    date: 2018-08-06 09:04:41
(epstopdf)                    size: 16532 bytes
(epstopdf)             Command: <epstopdf --outfile=dmd1_amplitude_wwt_K_128_Lx
_128_tf_1pt5e4-eps-converted-to.pdf dmd1_amplitude_wwt_K_128_Lx_128_tf_1pt5e4.e
ps>
(epstopdf)             \includegraphics on input line 172.
Package epstopdf Info: Output file is already uptodate.

<dmd1_amplitude_wwt_K_128_Lx_128_tf_1pt5e4-eps-converted-to.pdf, id=56, 697.606
25pt x 483.8075pt>
File: dmd1_amplitude_wwt_K_128_Lx_128_tf_1pt5e4-eps-converted-to.pdf Graphic fi
le (type pdf)

<use dmd1_amplitude_wwt_K_128_Lx_128_tf_1pt5e4-eps-converted-to.pdf>
Package pdftex.def Info: dmd1_amplitude_wwt_K_128_Lx_128_tf_1pt5e4-eps-converte
d-to.pdf used on input line 172.
(pdftex.def)             Requested size: 187.20154pt x 129.82509pt.
Package epstopdf Info: Source file: <dmd2_amplitude_wwt_K_128_Lx_128_tf_1pt5e4.
eps>
(epstopdf)                    date: 2018-08-06 09:04:41
(epstopdf)                    size: 239161 bytes
(epstopdf)             Output file: <dmd2_amplitude_wwt_K_128_Lx_128_tf_1pt5e4-
eps-converted-to.pdf>
(epstopdf)                    date: 2018-08-06 09:04:41
(epstopdf)                    size: 19864 bytes
(epstopdf)             Command: <epstopdf --outfile=dmd2_amplitude_wwt_K_128_Lx
_128_tf_1pt5e4-eps-converted-to.pdf dmd2_amplitude_wwt_K_128_Lx_128_tf_1pt5e4.e
ps>
(epstopdf)             \includegraphics on input line 174.
Package epstopdf Info: Output file is already uptodate.

<dmd2_amplitude_wwt_K_128_Lx_128_tf_1pt5e4-eps-converted-to.pdf, id=57, 697.606
25pt x 483.8075pt>
File: dmd2_amplitude_wwt_K_128_Lx_128_tf_1pt5e4-eps-converted-to.pdf Graphic fi
le (type pdf)

<use dmd2_amplitude_wwt_K_128_Lx_128_tf_1pt5e4-eps-converted-to.pdf>
Package pdftex.def Info: dmd2_amplitude_wwt_K_128_Lx_128_tf_1pt5e4-eps-converte
d-to.pdf used on input line 174.
(pdftex.def)             Requested size: 187.20154pt x 129.82509pt.
Package epstopdf Info: Source file: <dmd_mags_wwt_K_128_Lx_128_tf_1pt5e4.eps>
(epstopdf)                    date: 2018-08-06 09:04:41
(epstopdf)                    size: 242919 bytes
(epstopdf)             Output file: <dmd_mags_wwt_K_128_Lx_128_tf_1pt5e4-eps-co
nverted-to.pdf>
(epstopdf)                    date: 2018-08-06 09:04:41
(epstopdf)                    size: 7464 bytes
(epstopdf)             Command: <epstopdf --outfile=dmd_mags_wwt_K_128_Lx_128_t
f_1pt5e4-eps-converted-to.pdf dmd_mags_wwt_K_128_Lx_128_tf_1pt5e4.eps>
(epstopdf)             \includegraphics on input line 174.
Package epstopdf Info: Output file is already uptodate.

<dmd_mags_wwt_K_128_Lx_128_tf_1pt5e4-eps-converted-to.pdf, id=58, 697.60625pt x
 483.8075pt>
File: dmd_mags_wwt_K_128_Lx_128_tf_1pt5e4-eps-converted-to.pdf Graphic file (ty
pe pdf)
 <use dmd_mags_wwt_K_128_Lx_128_tf_1pt5e4-eps-converted-to.pdf>
Package pdftex.def Info: dmd_mags_wwt_K_128_Lx_128_tf_1pt5e4-eps-converted-to.p
df used on input line 174.
(pdftex.def)             Requested size: 187.20154pt x 129.82509pt.

Overfull \hbox (18.05307pt too wide) in paragraph at lines 171--177
 [][] 
 []

Package epstopdf Info: Source file: <amplitude_K_128_Lx_128_tf_1pt5e4.eps>
(epstopdf)                    date: 2018-08-06 09:04:41
(epstopdf)                    size: 166785 bytes
(epstopdf)             Output file: <amplitude_K_128_Lx_128_tf_1pt5e4-eps-conve
rted-to.pdf>
(epstopdf)                    date: 2018-08-06 09:04:41
(epstopdf)                    size: 18839 bytes
(epstopdf)             Command: <epstopdf --outfile=amplitude_K_128_Lx_128_tf_1
pt5e4-eps-converted-to.pdf amplitude_K_128_Lx_128_tf_1pt5e4.eps>
(epstopdf)             \includegraphics on input line 185.
Package epstopdf Info: Output file is already uptodate.

<amplitude_K_128_Lx_128_tf_1pt5e4-eps-converted-to.pdf, id=59, 697.60625pt x 48
3.8075pt>
File: amplitude_K_128_Lx_128_tf_1pt5e4-eps-converted-to.pdf Graphic file (type 
pdf)
 <use amplitude_K_128_Lx_128_tf_1pt5e4-eps-converted-to.pdf>
Package pdftex.def Info: amplitude_K_128_Lx_128_tf_1pt5e4-eps-converted-to.pdf 
used on input line 185.
(pdftex.def)             Requested size: 187.20154pt x 129.82509pt.
Package epstopdf Info: Source file: <dmd1_amplitude_K_128_Lx_128_tf_1pt5e4.eps>

(epstopdf)                    date: 2018-08-06 09:04:41
(epstopdf)                    size: 138633 bytes
(epstopdf)             Output file: <dmd1_amplitude_K_128_Lx_128_tf_1pt5e4-eps-
converted-to.pdf>
(epstopdf)                    date: 2018-08-06 09:04:41
(epstopdf)                    size: 11866 bytes
(epstopdf)             Command: <epstopdf --outfile=dmd1_amplitude_K_128_Lx_128
_tf_1pt5e4-eps-converted-to.pdf dmd1_amplitude_K_128_Lx_128_tf_1pt5e4.eps>
(epstopdf)             \includegraphics on input line 185.
Package epstopdf Info: Output file is already uptodate.

<dmd1_amplitude_K_128_Lx_128_tf_1pt5e4-eps-converted-to.pdf, id=60, 697.60625pt
 x 483.8075pt>
File: dmd1_amplitude_K_128_Lx_128_tf_1pt5e4-eps-converted-to.pdf Graphic file (
type pdf)

<use dmd1_amplitude_K_128_Lx_128_tf_1pt5e4-eps-converted-to.pdf>
Package pdftex.def Info: dmd1_amplitude_K_128_Lx_128_tf_1pt5e4-eps-converted-to
.pdf used on input line 185.
(pdftex.def)             Requested size: 187.20154pt x 129.82509pt.
Package epstopdf Info: Source file: <dmd2_amplitude_K_128_Lx_128_tf_1pt5e4.eps>

(epstopdf)                    date: 2018-08-06 09:04:41
(epstopdf)                    size: 149629 bytes
(epstopdf)             Output file: <dmd2_amplitude_K_128_Lx_128_tf_1pt5e4-eps-
converted-to.pdf>
(epstopdf)                    date: 2018-08-06 09:04:41
(epstopdf)                    size: 13863 bytes
(epstopdf)             Command: <epstopdf --outfile=dmd2_amplitude_K_128_Lx_128
_tf_1pt5e4-eps-converted-to.pdf dmd2_amplitude_K_128_Lx_128_tf_1pt5e4.eps>
(epstopdf)             \includegraphics on input line 187.
Package epstopdf Info: Output file is already uptodate.

<dmd2_amplitude_K_128_Lx_128_tf_1pt5e4-eps-converted-to.pdf, id=61, 697.60625pt
 x 483.8075pt>
File: dmd2_amplitude_K_128_Lx_128_tf_1pt5e4-eps-converted-to.pdf Graphic file (
type pdf)

<use dmd2_amplitude_K_128_Lx_128_tf_1pt5e4-eps-converted-to.pdf>
Package pdftex.def Info: dmd2_amplitude_K_128_Lx_128_tf_1pt5e4-eps-converted-to
.pdf used on input line 187.
(pdftex.def)             Requested size: 187.20154pt x 129.82509pt.
Package epstopdf Info: Source file: <dmd_mags_K_128_Lx_128_tf_1pt5e4.eps>
(epstopdf)                    date: 2018-08-06 09:04:41
(epstopdf)                    size: 242906 bytes
(epstopdf)             Output file: <dmd_mags_K_128_Lx_128_tf_1pt5e4-eps-conver
ted-to.pdf>
(epstopdf)                    date: 2018-08-06 09:04:41
(epstopdf)                    size: 7467 bytes
(epstopdf)             Command: <epstopdf --outfile=dmd_mags_K_128_Lx_128_tf_1p
t5e4-eps-converted-to.pdf dmd_mags_K_128_Lx_128_tf_1pt5e4.eps>
(epstopdf)             \includegraphics on input line 187.
Package epstopdf Info: Output file is already uptodate.

<dmd_mags_K_128_Lx_128_tf_1pt5e4-eps-converted-to.pdf, id=62, 697.60625pt x 483
.8075pt>
File: dmd_mags_K_128_Lx_128_tf_1pt5e4-eps-converted-to.pdf Graphic file (type p
df)
 <use dmd_mags_K_128_Lx_128_tf_1pt5e4-eps-converted-to.pdf>
Package pdftex.def Info: dmd_mags_K_128_Lx_128_tf_1pt5e4-eps-converted-to.pdf u
sed on input line 187.
(pdftex.def)             Requested size: 187.20154pt x 129.82509pt.

Overfull \hbox (18.05307pt too wide) in paragraph at lines 184--190
 [][] 
 []

Package epstopdf Info: Source file: <amplitude_hfforce_K_256_Lx_128_tf_1pt5e4.e
ps>
(epstopdf)                    date: 2018-08-03 18:10:35
(epstopdf)                    size: 315273 bytes
(epstopdf)             Output file: <amplitude_hfforce_K_256_Lx_128_tf_1pt5e4-e
ps-converted-to.pdf>
(epstopdf)                    date: 2018-08-06 09:04:41
(epstopdf)                    size: 53013 bytes
(epstopdf)             Command: <epstopdf --outfile=amplitude_hfforce_K_256_Lx_
128_tf_1pt5e4-eps-converted-to.pdf amplitude_hfforce_K_256_Lx_128_tf_1pt5e4.eps
>
(epstopdf)             \includegraphics on input line 199.
Package epstopdf Info: Output file is already uptodate.

<amplitude_hfforce_K_256_Lx_128_tf_1pt5e4-eps-converted-to.pdf, id=63, 714.67pt
 x 433.62pt>
File: amplitude_hfforce_K_256_Lx_128_tf_1pt5e4-eps-converted-to.pdf Graphic fil
e (type pdf)

<use amplitude_hfforce_K_256_Lx_128_tf_1pt5e4-eps-converted-to.pdf>
Package pdftex.def Info: amplitude_hfforce_K_256_Lx_128_tf_1pt5e4-eps-converted
-to.pdf used on input line 199.
(pdftex.def)             Requested size: 183.59802pt x 111.39539pt.
Package epstopdf Info: Source file: <dmd1_amplitude_hfforce_K_256_Lx_128_tf_1pt
5e4.eps>
(epstopdf)                    date: 2018-08-03 18:11:46
(epstopdf)                    size: 91194 bytes
(epstopdf)             Output file: <dmd1_amplitude_hfforce_K_256_Lx_128_tf_1pt
5e4-eps-converted-to.pdf>
(epstopdf)                    date: 2018-08-06 09:04:41
(epstopdf)                    size: 77277 bytes
(epstopdf)             Command: <epstopdf --outfile=dmd1_amplitude_hfforce_K_25
6_Lx_128_tf_1pt5e4-eps-converted-to.pdf dmd1_amplitude_hfforce_K_256_Lx_128_tf_
1pt5e4.eps>
(epstopdf)             \includegraphics on input line 199.
Package epstopdf Info: Output file is already uptodate.

<dmd1_amplitude_hfforce_K_256_Lx_128_tf_1pt5e4-eps-converted-to.pdf, id=64, 714
.67pt x 433.62pt>
File: dmd1_amplitude_hfforce_K_256_Lx_128_tf_1pt5e4-eps-converted-to.pdf Graphi
c file (type pdf)

<use dmd1_amplitude_hfforce_K_256_Lx_128_tf_1pt5e4-eps-converted-to.pdf>
Package pdftex.def Info: dmd1_amplitude_hfforce_K_256_Lx_128_tf_1pt5e4-eps-conv
erted-to.pdf used on input line 199.
(pdftex.def)             Requested size: 183.59802pt x 111.39539pt.
Package epstopdf Info: Source file: <dmd2_amplitude_hfforce_K_256_Lx_128_tf_1pt
5e4.eps>
(epstopdf)                    date: 2018-08-03 18:11:41
(epstopdf)                    size: 92192 bytes
(epstopdf)             Output file: <dmd2_amplitude_hfforce_K_256_Lx_128_tf_1pt
5e4-eps-converted-to.pdf>
(epstopdf)                    date: 2018-08-06 09:04:41
(epstopdf)                    size: 77407 bytes
(epstopdf)             Command: <epstopdf --outfile=dmd2_amplitude_hfforce_K_25
6_Lx_128_tf_1pt5e4-eps-converted-to.pdf dmd2_amplitude_hfforce_K_256_Lx_128_tf_
1pt5e4.eps>
(epstopdf)             \includegraphics on input line 201.
Package epstopdf Info: Output file is already uptodate.

<dmd2_amplitude_hfforce_K_256_Lx_128_tf_1pt5e4-eps-converted-to.pdf, id=65, 714
.67pt x 433.62pt>
File: dmd2_amplitude_hfforce_K_256_Lx_128_tf_1pt5e4-eps-converted-to.pdf Graphi
c file (type pdf)

<use dmd2_amplitude_hfforce_K_256_Lx_128_tf_1pt5e4-eps-converted-to.pdf>
Package pdftex.def Info: dmd2_amplitude_hfforce_K_256_Lx_128_tf_1pt5e4-eps-conv
erted-to.pdf used on input line 201.
(pdftex.def)             Requested size: 183.59802pt x 111.39539pt.
Package epstopdf Info: Source file: <dmd_mags_hfforce_K_256_Lx_128_tf_1pt5e4.ep
s>
(epstopdf)                    date: 2018-08-03 18:11:32
(epstopdf)                    size: 58466 bytes
(epstopdf)             Output file: <dmd_mags_hfforce_K_256_Lx_128_tf_1pt5e4-ep
s-converted-to.pdf>
(epstopdf)                    date: 2018-08-06 09:04:41
(epstopdf)                    size: 22454 bytes
(epstopdf)             Command: <epstopdf --outfile=dmd_mags_hfforce_K_256_Lx_1
28_tf_1pt5e4-eps-converted-to.pdf dmd_mags_hfforce_K_256_Lx_128_tf_1pt5e4.eps>
(epstopdf)             \includegraphics on input line 201.
Package epstopdf Info: Output file is already uptodate.

<dmd_mags_hfforce_K_256_Lx_128_tf_1pt5e4-eps-converted-to.pdf, id=66, 714.67pt 
x 433.62pt>
File: dmd_mags_hfforce_K_256_Lx_128_tf_1pt5e4-eps-converted-to.pdf Graphic file
 (type pdf)
 <use dmd_mags_hfforce_K_256_Lx_128_tf_1pt5e4-eps-converted-to.pdf>
Package pdftex.def Info: dmd_mags_hfforce_K_256_Lx_128_tf_1pt5e4-eps-converted-
to.pdf used on input line 201.
(pdftex.def)             Requested size: 183.59802pt x 111.39539pt.

Overfull \hbox (14.84604pt too wide) in paragraph at lines 198--204
 [][] 
 []

[6] [7 <D:/My Documents/Desktop/wwt_Git_Clone/write_up/amplitude_wwt_K_128_Lx_1
28_tf_1pt5e4-eps-converted-to.pdf> <D:/My Documents/Desktop/wwt_Git_Clone/write
_up/dmd1_amplitude_wwt_K_128_Lx_128_tf_1pt5e4-eps-converted-to.pdf> <D:/My Docu
ments/Desktop/wwt_Git_Clone/write_up/dmd2_amplitude_wwt_K_128_Lx_128_tf_1pt5e4-
eps-converted-to.pdf> <D:/My Documents/Desktop/wwt_Git_Clone/write_up/dmd_mags_
wwt_K_128_Lx_128_tf_1pt5e4-eps-converted-to.pdf>] [8 <D:/My Documents/Desktop/w
wt_Git_Clone/write_up/amplitude_K_128_Lx_128_tf_1pt5e4-eps-converted-to.pdf> <D
:/My Documents/Desktop/wwt_Git_Clone/write_up/dmd1_amplitude_K_128_Lx_128_tf_1p
t5e4-eps-converted-to.pdf> <D:/My Documents/Desktop/wwt_Git_Clone/write_up/dmd2
_amplitude_K_128_Lx_128_tf_1pt5e4-eps-converted-to.pdf> <D:/My Documents/Deskto
p/wwt_Git_Clone/write_up/dmd_mags_K_128_Lx_128_tf_1pt5e4-eps-converted-to.pdf>]
[9 <D:/My Documents/Desktop/wwt_Git_Clone/write_up/amplitude_hfforce_K_256_Lx_1
28_tf_1pt5e4-eps-converted-to.pdf> <D:/My Documents/Desktop/wwt_Git_Clone/write
_up/dmd1_amplitude_hfforce_K_256_Lx_128_tf_1pt5e4-eps-converted-to.pdf> <D:/My 
Documents/Desktop/wwt_Git_Clone/write_up/dmd2_amplitude_hfforce_K_256_Lx_128_tf
_1pt5e4-eps-converted-to.pdf> <D:/My Documents/Desktop/wwt_Git_Clone/write_up/d
md_mags_hfforce_K_256_Lx_128_tf_1pt5e4-eps-converted-to.pdf>]
("D:\My Documents\Desktop\wwt_Git_Clone\write_up\coherent_structures_dmd.bbl"
[10]) [11]
("D:\My Documents\Desktop\wwt_Git_Clone\write_up\coherent_structures_dmd.aux")

LaTeX Warning: There were undefined references.

 ) 
Here is how much of TeX's memory you used:
 2521 strings out of 493921
 36602 string characters out of 3147276
 91881 words of memory out of 3000000
 5755 multiletter control sequences out of 15000+200000
 12319 words of font info for 46 fonts, out of 3000000 for 9000
 841 hyphenation exceptions out of 8191
 42i,12n,26p,1295b,310s stack positions out of 5000i,500n,10000p,200000b,50000s
<C:/Program Files/MiKTeX 2.9/fonts/type1/public/amsfonts/cm/cmbx10.pfb><C:/Pr
ogram Files/MiKTeX 2.9/fonts/type1/public/amsfonts/cm/cmbx12.pfb><C:/Program Fi
les/MiKTeX 2.9/fonts/type1/public/amsfonts/cm/cmbx8.pfb><C:/Program Files/MiKTe
X 2.9/fonts/type1/public/amsfonts/cm/cmex10.pfb><C:/Program Files/MiKTeX 2.9/fo
nts/type1/public/amsfonts/cm/cmmi10.pfb><C:/Program Files/MiKTeX 2.9/fonts/type
1/public/amsfonts/cm/cmmi6.pfb><C:/Program Files/MiKTeX 2.9/fonts/type1/public/
amsfonts/cm/cmmi8.pfb><C:/Program Files/MiKTeX 2.9/fonts/type1/public/amsfonts/
cm/cmr10.pfb><C:/Program Files/MiKTeX 2.9/fonts/type1/public/amsfonts/cm/cmr12.
pfb><C:/Program Files/MiKTeX 2.9/fonts/type1/public/amsfonts/cm/cmr17.pfb><C:/P
rogram Files/MiKTeX 2.9/fonts/type1/public/amsfonts/cm/cmr8.pfb><C:/Program Fil
es/MiKTeX 2.9/fonts/type1/public/amsfonts/cm/cmsy10.pfb><C:/Program Files/MiKTe
X 2.9/fonts/type1/public/amsfonts/cm/cmsy8.pfb><C:/Program Files/MiKTeX 2.9/fon
ts/type1/public/amsfonts/cm/cmti10.pfb><C:/Program Files/MiKTeX 2.9/fonts/type1
/public/amsfonts/symbols/msbm10.pfb>
Output written on coherent_structures_dmd.pdf (11 pages, 1035303 bytes).
PDF statistics:
 231 PDF objects out of 1000 (max. 8388607)
 0 named destinations out of 1000 (max. 500000)
 81 words of extra memory for PDF output out of 10000 (max. 10000000)

