This is pdfTeX, Version 3.1415926-2.5-1.40.14 (MiKTeX 2.9 64-bit) (preloaded format=pdflatex 2013.10.8)  6 NOV 2018 16:15
entering extended mode
**D:/My*Documents/Desktop/wwt_Git_Clone/write_up/physreve_coherent_structures.t
ex

("D:/My Documents/Desktop/wwt_Git_Clone/write_up/physreve_coherent_structures.t
ex"
LaTeX2e <2011/06/27>
Babel <v3.8m> and hyphenation patterns for english, afrikaans, ancientgreek, ar
abic, armenian, assamese, basque, bengali, bokmal, bulgarian, catalan, coptic, 
croatian, czech, danish, dutch, esperanto, estonian, farsi, finnish, french, ga
lician, german, german-x-2013-05-26, greek, gujarati, hindi, hungarian, iceland
ic, indonesian, interlingua, irish, italian, kannada, kurmanji, latin, latvian,
 lithuanian, malayalam, marathi, mongolian, mongolianlmc, monogreek, ngerman, n
german-x-2013-05-26, nynorsk, oriya, panjabi, pinyin, polish, portuguese, roman
ian, russian, sanskrit, serbian, slovak, slovenian, spanish, swedish, swissgerm
an, tamil, telugu, turkish, turkmen, ukenglish, ukrainian, uppersorbian, usengl
ishmax, welsh, loaded.
("C:\Program Files\MiKTeX 2.9\tex\latex\revtex\revtex4-1.cls"
Document Class: revtex4-1 2010/07/25/20:33:00 4.1r (http://publish.aps.org/revt
ex4/ for documentation)
 Copyright (c) 2009 The American Physical Society.
 mailto:revtex@aps.org
 Licensed under the LPPL:
http://www.ctan.org/tex-archive/macros/latex/base/lppl.txt
 Arthur Ogawa <arthur_ogawa at sbcglobal dot net>
 Based on work by David Carlisle <david at dcarlisle.demon.co.uk>.
ltxutil[2010/07/25/20:33:00 4.1r utilities package (portions licensed from W. E
. Baxter web at superscript.com)]
LaTeX Info: Redefining \@centercr on input line 308.
Class revtex4-1 Info: Repairing broken LaTeX eqnarray on input line 358.
\eqncolsep=\skip41
Class revtex4-1 Info: Repairing hyperref-unfriendly LaTeX definition of \mpfoot
note on input line 433.
Class revtex4-1 Info: Repairing broken LateX \@sect on input line 755.
\intertabularlinepenalty=\count79
\@tbpen=\count80
\@arstrutbox@hline=\box26
Class revtex4-1 Info: Repairing broken LaTeX \@xbitor on input line 1786.
Class revtex4-1 Info: Making \typeout \long on input line 2046.
ltxfront[2010/07/25/20:33:00 4.1r frontmatter package (AO,DPC)]
\c@affil=\count81
\c@collab=\count82
\absbox=\box27
ltxgrid[2010/07/25/20:33:00 4.1r page grid package (portions licensed from W. E
. Baxter web at superscript.com)]
\c@linecount=\count83
\output@latex=\toks14
\box@size@1=\box28
\box@size@2=\box29
\@protection@box=\box30
\@topmark@saved=\toks15
\footins@saved=\box31
\footins@recovered=\box32
\column@recovered=\box33
\pagesofar=\box34
\footsofar=\box35
\pagegrid@col=\count84
Class revtex4-1 Info: Overriding \@vspace, \@vspacer, \@no@pgbk, \@newline, and
 \\  on input line 5578.
\c@part=\count85
\c@section=\count86
\c@subsection=\count87
\c@subsubsection=\count88
\c@paragraph=\count89
\c@subparagraph=\count90
\abovecaptionskip=\skip42
\belowcaptionskip=\skip43
\c@figure=\count91
\fbox@1=\box36
\c@table=\count92
\fbox@2=\box37
\c@video=\count93
\fbox@4=\box38
\@bibdataout=\write3
\widetext@top=\box39
\widetext@bot=\box40
Class revtex4-1 Info: Selecting society aps on input line 7542.
("C:\Program Files\MiKTeX 2.9\tex\latex\revtex\aps4-1.rtx"
File: aps4-1 2010/07/25/20:33:00 4.1r (http://publish.aps.org/revtex4/ for docu
mentation)
Class revtex4-1 Info: RevTeX society APS selected on input line 31.
)
Class revtex4-1 Info: Selecting journal prl on input line 7544.
Class revtex4-1 Info: APS journal PRL selected on input line 7545.

("C:\Program Files\MiKTeX 2.9\tex\latex\revtex\aps12pt4-1.rtx"
File: aps12pt4-1 2010/07/25/20:33:00 4.1r (http://publish.aps.org/revtex4/ for 
documentation)
Class revtex4-1 Info: RevTeX pointsize 12pt selected on input line 30.
)
("C:\Program Files\MiKTeX 2.9\tex\latex\textcase\textcase.sty"
Package: textcase 2004/10/07 v0.07 Text only upper/lower case changing (DPC)
)
("C:\Program Files\MiKTeX 2.9\tex\latex\url\url.sty"
\Urlmuskip=\muskip10
Package: url 2006/04/12  ver 3.3  Verb mode for urls, etc.
)
("C:\Program Files\MiKTeX 2.9\tex\latex\natbib\natbib.sty"
Package: natbib 2010/09/13 8.31b (PWD, AO)
\bibhang=\skip44
\bibsep=\skip45
LaTeX Info: Redefining \cite on input line 694.
\c@NAT@ctr=\count94
)
Class revtex4-1 Info: Repairing natbib's \BibitemShut on input line 7549.

("C:\Program Files\MiKTeX 2.9\tex\latex\revtex\revsymb4-1.sty"
Package: revsymb4-1 2010/07/25/20:33:00 4.1r (http://publish.aps.org/revtex4/ f
or documentation)
LaTeX Info: Redefining \REV@mathfrak on input line 119.
))
("C:\Program Files\MiKTeX 2.9\tex\latex\amsmath\amsmath.sty"
Package: amsmath 2013/01/14 v2.14 AMS math features
\@mathmargin=\skip46

For additional information on amsmath, use the `?' option.
("C:\Program Files\MiKTeX 2.9\tex\latex\amsmath\amstext.sty"
Package: amstext 2000/06/29 v2.01

("C:\Program Files\MiKTeX 2.9\tex\latex\amsmath\amsgen.sty"
File: amsgen.sty 1999/11/30 v2.0
\@emptytoks=\toks16
\ex@=\dimen102
)
LaTeX Info: Redefining \text on input line 39.
)
("C:\Program Files\MiKTeX 2.9\tex\latex\amsmath\amsbsy.sty"
Package: amsbsy 1999/11/29 v1.2d
\pmbraise@=\dimen103
)
("C:\Program Files\MiKTeX 2.9\tex\latex\amsmath\amsopn.sty"
Package: amsopn 1999/12/14 v2.01 operator names
)
\inf@bad=\count95
LaTeX Info: Redefining \frac on input line 210.
\uproot@=\count96
\leftroot@=\count97
LaTeX Info: Redefining \overline on input line 306.
\classnum@=\count98
\DOTSCASE@=\count99
LaTeX Info: Redefining \ldots on input line 378.
LaTeX Info: Redefining \dots on input line 381.
LaTeX Info: Redefining \cdots on input line 466.
\Mathstrutbox@=\box41
\strutbox@=\box42
\big@size=\dimen104
LaTeX Font Info:    Redeclaring font encoding OML on input line 566.
LaTeX Font Info:    Redeclaring font encoding OMS on input line 567.
\macc@depth=\count100
\c@MaxMatrixCols=\count101
\dotsspace@=\muskip11
\c@parentequation=\count102
\dspbrk@lvl=\count103
\tag@help=\toks17
\row@=\count104
\column@=\count105
\maxfields@=\count106
\andhelp@=\toks18
\eqnshift@=\dimen105
\alignsep@=\dimen106
\tagshift@=\dimen107
\tagwidth@=\dimen108
\totwidth@=\dimen109
\lineht@=\dimen110
\@envbody=\toks19
\multlinegap=\skip47
\multlinetaggap=\skip48
\mathdisplay@stack=\toks20
LaTeX Info: Redefining \[ on input line 2665.
LaTeX Info: Redefining \] on input line 2666.
)
("C:\Program Files\MiKTeX 2.9\tex\latex\amsfonts\amssymb.sty"
Package: amssymb 2013/01/14 v3.01 AMS font symbols

("C:\Program Files\MiKTeX 2.9\tex\latex\amsfonts\amsfonts.sty"
Package: amsfonts 2013/01/14 v3.01 Basic AMSFonts support
\symAMSa=\mathgroup4
\symAMSb=\mathgroup5
LaTeX Font Info:    Overwriting math alphabet `\mathfrak' in version `bold'
(Font)                  U/euf/m/n --> U/euf/b/n on input line 106.
LaTeX Info: Redefining \frak on input line 111.
LaTeX Info: Redefining \Bbb on input line 113.
))
("C:\Program Files\MiKTeX 2.9\tex\latex\graphics\graphicx.sty"
Package: graphicx 1999/02/16 v1.0f Enhanced LaTeX Graphics (DPC,SPQR)

("C:\Program Files\MiKTeX 2.9\tex\latex\graphics\keyval.sty"
Package: keyval 1999/03/16 v1.13 key=value parser (DPC)
\KV@toks@=\toks21
)
("C:\Program Files\MiKTeX 2.9\tex\latex\graphics\graphics.sty"
Package: graphics 2009/02/05 v1.0o Standard LaTeX Graphics (DPC,SPQR)

("C:\Program Files\MiKTeX 2.9\tex\latex\graphics\trig.sty"
Package: trig 1999/03/16 v1.09 sin cos tan (DPC)
)
("C:\Program Files\MiKTeX 2.9\tex\latex\00miktex\graphics.cfg"
File: graphics.cfg 2007/01/18 v1.5 graphics configuration of teTeX/TeXLive
)
Package graphics Info: Driver file: pdftex.def on input line 91.

("C:\Program Files\MiKTeX 2.9\tex\latex\pdftex-def\pdftex.def"
File: pdftex.def 2011/05/27 v0.06d Graphics/color for pdfTeX

("C:\Program Files\MiKTeX 2.9\tex\generic\oberdiek\infwarerr.sty"
Package: infwarerr 2010/04/08 v1.3 Providing info/warning/error messages (HO)
)
("C:\Program Files\MiKTeX 2.9\tex\generic\oberdiek\ltxcmds.sty"
Package: ltxcmds 2011/11/09 v1.22 LaTeX kernel commands for general use (HO)
)
\Gread@gobject=\count107
))
\Gin@req@height=\dimen111
\Gin@req@width=\dimen112
)
("C:\Program Files\MiKTeX 2.9\tex\latex\oberdiek\epstopdf.sty"
Package: epstopdf 2010/02/09 v2.5 Conversion with epstopdf on the fly (HO)

("C:\Program Files\MiKTeX 2.9\tex\latex\oberdiek\epstopdf-base.sty"
Package: epstopdf-base 2010/02/09 v2.5 Base part for package epstopdf

("C:\Program Files\MiKTeX 2.9\tex\latex\oberdiek\grfext.sty"
Package: grfext 2010/08/19 v1.1 Manage graphics extensions (HO)

("C:\Program Files\MiKTeX 2.9\tex\generic\oberdiek\kvdefinekeys.sty"
Package: kvdefinekeys 2011/04/07 v1.3 Define keys (HO)
))
("C:\Program Files\MiKTeX 2.9\tex\latex\oberdiek\kvoptions.sty"
Package: kvoptions 2011/06/30 v3.11 Key value format for package options (HO)

("C:\Program Files\MiKTeX 2.9\tex\generic\oberdiek\kvsetkeys.sty"
Package: kvsetkeys 2012/04/25 v1.16 Key value parser (HO)

("C:\Program Files\MiKTeX 2.9\tex\generic\oberdiek\etexcmds.sty"
Package: etexcmds 2011/02/16 v1.5 Avoid name clashes with e-TeX commands (HO)

("C:\Program Files\MiKTeX 2.9\tex\generic\oberdiek\ifluatex.sty"
Package: ifluatex 2010/03/01 v1.3 Provides the ifluatex switch (HO)
Package ifluatex Info: LuaTeX not detected.
)
Package etexcmds Info: Could not find \expanded.
(etexcmds)             That can mean that you are not using pdfTeX 1.50 or
(etexcmds)             that some package has redefined \expanded.
(etexcmds)             In the latter case, load this package earlier.
)))
("C:\Program Files\MiKTeX 2.9\tex\generic\oberdiek\pdftexcmds.sty"
Package: pdftexcmds 2011/11/29 v0.20 Utility functions of pdfTeX for LuaTeX (HO
)

("C:\Program Files\MiKTeX 2.9\tex\generic\oberdiek\ifpdf.sty"
Package: ifpdf 2011/01/30 v2.3 Provides the ifpdf switch (HO)
Package ifpdf Info: pdfTeX in PDF mode is detected.
)
Package pdftexcmds Info: LuaTeX not detected.
Package pdftexcmds Info: \pdf@primitive is available.
Package pdftexcmds Info: \pdf@ifprimitive is available.
Package pdftexcmds Info: \pdfdraftmode found.
)
Package grfext Info: Graphics extension search list:
(grfext)             [.png,.pdf,.jpg,.mps,.jpeg,.jbig2,.jb2,.PNG,.PDF,.JPG,.JPE
G,.JBIG2,.JB2,.eps]
(grfext)             \AppendGraphicsExtensions on input line 452.
))
Class revtex4-1 Info: Patching LaTeX tabular. on input line 47.
Class revtex4-1 Info: Robustifying \LaTeX's \boldmath command on input line 47.

Class revtex4-1 Info: cite was not loaded (OK!) on input line 47.
Class revtex4-1 Info: mcite was not loaded (OK!) on input line 47.
Class revtex4-1 Info: multicol was not loaded (OK!) on input line 47.

("D:\My Documents\Desktop\wwt_Git_Clone\write_up\physreve_coherent_structures.a
ux")
LaTeX Font Info:    Checking defaults for OML/cmm/m/it on input line 47.
LaTeX Font Info:    ... okay on input line 47.
LaTeX Font Info:    Checking defaults for T1/cmr/m/n on input line 47.
LaTeX Font Info:    ... okay on input line 47.
LaTeX Font Info:    Checking defaults for OT1/cmr/m/n on input line 47.
LaTeX Font Info:    ... okay on input line 47.
LaTeX Font Info:    Checking defaults for OMS/cmsy/m/n on input line 47.
LaTeX Font Info:    ... okay on input line 47.
LaTeX Font Info:    Checking defaults for OMX/cmex/m/n on input line 47.
LaTeX Font Info:    ... okay on input line 47.
LaTeX Font Info:    Checking defaults for U/cmr/m/n on input line 47.
LaTeX Font Info:    ... okay on input line 47.
 ("C:\Program Files\MiKTeX 2.9\tex\context\base\supp-pdf.mkii"
[Loading MPS to PDF converter (version 2006.09.02).]
\scratchcounter=\count108
\scratchdimen=\dimen113
\scratchbox=\box43
\nofMPsegments=\count109
\nofMParguments=\count110
\everyMPshowfont=\toks22
\MPscratchCnt=\count111
\MPscratchDim=\dimen114
\MPnumerator=\count112
\makeMPintoPDFobject=\count113
\everyMPtoPDFconversion=\toks23
) [1{C:/ProgramData/MiKTeX/2.9/pdftex/config/pdftex.map}] [2]
Overfull \hbox (14.04932pt too wide) in paragraph at lines 74--75
[]\OT1/cmr/m/n/12 In non-dimensional co-or-di-nates (see the Ap-pendix for de-t
ails on the non-dimensionalization),
 []

LaTeX Font Info:    Try loading font information for U+msa on input line 75.
("C:\Program Files\MiKTeX 2.9\tex\latex\amsfonts\umsa.fd"
File: umsa.fd 2013/01/14 v3.01 AMS symbols A
)
LaTeX Font Info:    Try loading font information for U+msb on input line 75.

("C:\Program Files\MiKTeX 2.9\tex\latex\amsfonts\umsb.fd"
File: umsb.fd 2013/01/14 v3.01 AMS symbols B
) [3] [4] [5]
Overfull \hbox (5.42339pt too wide) detected at line 156
[]\OT1/cmr/m/n/12 (\OT1/cmr/bx/n/12 a\OT1/cmr/m/n/12 ; \OML/cmm/m/it/12 K\OT1/c
mr/m/n/12 ) = [] \OML/cmm/m/it/12 !\OT1/cmr/m/n/12 (\OML/cmm/m/it/12 k[]\OT1/cm
r/m/n/12 ) [][] + [] [] [] [] \OML/cmm/m/it/12 a[]a[]a[]a[]
 []

[6] [7] [8] [9] [10]
Package epstopdf Info: Source file: <amplitude_wwt_K_256_Lx_128_tf_1pt5e4.eps>
(epstopdf)                    date: 2018-09-26 11:57:40
(epstopdf)                    size: 1443291 bytes
(epstopdf)             Output file: <amplitude_wwt_K_256_Lx_128_tf_1pt5e4-eps-c
onverted-to.pdf>
(epstopdf)                    date: 2018-09-26 13:12:48
(epstopdf)                    size: 114587 bytes
(epstopdf)             Command: <epstopdf --outfile=amplitude_wwt_K_256_Lx_128_
tf_1pt5e4-eps-converted-to.pdf amplitude_wwt_K_256_Lx_128_tf_1pt5e4.eps>
(epstopdf)             \includegraphics on input line 252.
Package epstopdf Info: Output file is already uptodate.

<amplitude_wwt_K_256_Lx_128_tf_1pt5e4-eps-converted-to.pdf, id=50, 714.67pt x 4
75.7775pt>
File: amplitude_wwt_K_256_Lx_128_tf_1pt5e4-eps-converted-to.pdf Graphic file (t
ype pdf)
 <use amplitude_wwt_K_256_Lx_128_tf_1pt5e4-eps-converted-to.pdf>
Package pdftex.def Info: amplitude_wwt_K_256_Lx_128_tf_1pt5e4-eps-converted-to.
pdf used on input line 252.
(pdftex.def)             Requested size: 238.67743pt x 158.89459pt.
Package epstopdf Info: Source file: <mean_wwt_K_256_Lx_128_tf_1pt5e4.eps>
(epstopdf)                    date: 2018-09-26 11:55:29
(epstopdf)                    size: 704119 bytes
(epstopdf)             Output file: <mean_wwt_K_256_Lx_128_tf_1pt5e4-eps-conver
ted-to.pdf>
(epstopdf)                    date: 2018-09-26 13:15:15
(epstopdf)                    size: 446886 bytes
(epstopdf)             Command: <epstopdf --outfile=mean_wwt_K_256_Lx_128_tf_1p
t5e4-eps-converted-to.pdf mean_wwt_K_256_Lx_128_tf_1pt5e4.eps>
(epstopdf)             \includegraphics on input line 252.
Package epstopdf Info: Output file is already uptodate.

<mean_wwt_K_256_Lx_128_tf_1pt5e4-eps-converted-to.pdf, id=51, 714.67pt x 475.77
75pt>
File: mean_wwt_K_256_Lx_128_tf_1pt5e4-eps-converted-to.pdf Graphic file (type p
df)
 <use mean_wwt_K_256_Lx_128_tf_1pt5e4-eps-converted-to.pdf>
Package pdftex.def Info: mean_wwt_K_256_Lx_128_tf_1pt5e4-eps-converted-to.pdf u
sed on input line 252.
(pdftex.def)             Requested size: 238.67743pt x 158.89459pt.
Package epstopdf Info: Source file: <osc1_wwtforce_K_256_Lx_128_tf_1_pt5e4.eps>

(epstopdf)                    date: 2018-09-26 11:56:11
(epstopdf)                    size: 986535 bytes
(epstopdf)             Output file: <osc1_wwtforce_K_256_Lx_128_tf_1_pt5e4-eps-
converted-to.pdf>
(epstopdf)                    date: 2018-09-26 13:15:16
(epstopdf)                    size: 94328 bytes
(epstopdf)             Command: <epstopdf --outfile=osc1_wwtforce_K_256_Lx_128_
tf_1_pt5e4-eps-converted-to.pdf osc1_wwtforce_K_256_Lx_128_tf_1_pt5e4.eps>
(epstopdf)             \includegraphics on input line 254.
Package epstopdf Info: Output file is already uptodate.

<osc1_wwtforce_K_256_Lx_128_tf_1_pt5e4-eps-converted-to.pdf, id=52, 714.67pt x 
475.7775pt>
File: osc1_wwtforce_K_256_Lx_128_tf_1_pt5e4-eps-converted-to.pdf Graphic file (
type pdf)
 <use osc1_wwtforce_K_256_Lx_128_tf_1_pt5e4-eps-converted-to.pdf>
Package pdftex.def Info: osc1_wwtforce_K_256_Lx_128_tf_1_pt5e4-eps-converted-to
.pdf used on input line 254.
(pdftex.def)             Requested size: 238.67743pt x 158.89459pt.
Package epstopdf Info: Source file: <osc2_wwtforce_K_256_Lx_128_tf_1_pt5e4.eps>

(epstopdf)                    date: 2018-09-26 11:56:47
(epstopdf)                    size: 1120932 bytes
(epstopdf)             Output file: <osc2_wwtforce_K_256_Lx_128_tf_1_pt5e4-eps-
converted-to.pdf>
(epstopdf)                    date: 2018-09-26 13:15:17
(epstopdf)                    size: 103757 bytes
(epstopdf)             Command: <epstopdf --outfile=osc2_wwtforce_K_256_Lx_128_
tf_1_pt5e4-eps-converted-to.pdf osc2_wwtforce_K_256_Lx_128_tf_1_pt5e4.eps>
(epstopdf)             \includegraphics on input line 254.
Package epstopdf Info: Output file is already uptodate.

<osc2_wwtforce_K_256_Lx_128_tf_1_pt5e4-eps-converted-to.pdf, id=53, 714.67pt x 
475.7775pt>
File: osc2_wwtforce_K_256_Lx_128_tf_1_pt5e4-eps-converted-to.pdf Graphic file (
type pdf)
 <use osc2_wwtforce_K_256_Lx_128_tf_1_pt5e4-eps-converted-to.pdf>
Package pdftex.def Info: osc2_wwtforce_K_256_Lx_128_tf_1_pt5e4-eps-converted-to
.pdf used on input line 254.
(pdftex.def)             Requested size: 238.67743pt x 158.89459pt.
Package epstopdf Info: Source file: <osc3_wwtforce_K_256_Lx_128_tf_1_pt5e4.eps>

(epstopdf)                    date: 2018-09-26 11:57:12
(epstopdf)                    size: 1130297 bytes
(epstopdf)             Output file: <osc3_wwtforce_K_256_Lx_128_tf_1_pt5e4-eps-
converted-to.pdf>
(epstopdf)                    date: 2018-09-26 13:15:18
(epstopdf)                    size: 106800 bytes
(epstopdf)             Command: <epstopdf --outfile=osc3_wwtforce_K_256_Lx_128_
tf_1_pt5e4-eps-converted-to.pdf osc3_wwtforce_K_256_Lx_128_tf_1_pt5e4.eps>
(epstopdf)             \includegraphics on input line 256.
Package epstopdf Info: Output file is already uptodate.

<osc3_wwtforce_K_256_Lx_128_tf_1_pt5e4-eps-converted-to.pdf, id=54, 714.67pt x 
475.7775pt>
File: osc3_wwtforce_K_256_Lx_128_tf_1_pt5e4-eps-converted-to.pdf Graphic file (
type pdf)
 <use osc3_wwtforce_K_256_Lx_128_tf_1_pt5e4-eps-converted-to.pdf>
Package pdftex.def Info: osc3_wwtforce_K_256_Lx_128_tf_1_pt5e4-eps-converted-to
.pdf used on input line 256.
(pdftex.def)             Requested size: 238.67743pt x 158.89459pt.

Overfull \hbox (6.00485pt too wide) in paragraph at lines 251--259
 []$[]$ 
 []

Package epstopdf Info: Source file: <amplitude_lfforce_K_256_Lx_128_tf_1pt5e4.e
ps>
(epstopdf)                    date: 2018-09-26 13:03:27
(epstopdf)                    size: 1075450 bytes
(epstopdf)             Output file: <amplitude_lfforce_K_256_Lx_128_tf_1pt5e4-e
ps-converted-to.pdf>
(epstopdf)                    date: 2018-09-26 13:15:19
(epstopdf)                    size: 105654 bytes
(epstopdf)             Command: <epstopdf --outfile=amplitude_lfforce_K_256_Lx_
128_tf_1pt5e4-eps-converted-to.pdf amplitude_lfforce_K_256_Lx_128_tf_1pt5e4.eps
>
(epstopdf)             \includegraphics on input line 268.
Package epstopdf Info: Output file is already uptodate.

<amplitude_lfforce_K_256_Lx_128_tf_1pt5e4-eps-converted-to.pdf, id=55, 714.67pt
 x 475.7775pt>
File: amplitude_lfforce_K_256_Lx_128_tf_1pt5e4-eps-converted-to.pdf Graphic fil
e (type pdf)

<use amplitude_lfforce_K_256_Lx_128_tf_1pt5e4-eps-converted-to.pdf>
Package pdftex.def Info: amplitude_lfforce_K_256_Lx_128_tf_1pt5e4-eps-converted
-to.pdf used on input line 268.
(pdftex.def)             Requested size: 238.67743pt x 158.89459pt.
Package epstopdf Info: Source file: <mean_lfforce_K_256_Lx_128_tf_1_pt5e4.eps>
(epstopdf)                    date: 2018-09-26 13:02:33
(epstopdf)                    size: 289798 bytes
(epstopdf)             Output file: <mean_lfforce_K_256_Lx_128_tf_1_pt5e4-eps-c
onverted-to.pdf>
(epstopdf)                    date: 2018-09-26 13:15:19
(epstopdf)                    size: 191623 bytes
(epstopdf)             Command: <epstopdf --outfile=mean_lfforce_K_256_Lx_128_t
f_1_pt5e4-eps-converted-to.pdf mean_lfforce_K_256_Lx_128_tf_1_pt5e4.eps>
(epstopdf)             \includegraphics on input line 268.
Package epstopdf Info: Output file is already uptodate.

<mean_lfforce_K_256_Lx_128_tf_1_pt5e4-eps-converted-to.pdf, id=56, 714.67pt x 4
75.7775pt>
File: mean_lfforce_K_256_Lx_128_tf_1_pt5e4-eps-converted-to.pdf Graphic file (t
ype pdf)
 <use mean_lfforce_K_256_Lx_128_tf_1_pt5e4-eps-converted-to.pdf>
Package pdftex.def Info: mean_lfforce_K_256_Lx_128_tf_1_pt5e4-eps-converted-to.
pdf used on input line 268.
(pdftex.def)             Requested size: 238.67743pt x 158.89459pt.
Package epstopdf Info: Source file: <osc1_lfforce_K_256_Lx_128_tf_1_pt5e4.eps>
(epstopdf)                    date: 2018-09-26 13:06:16
(epstopdf)                    size: 415858 bytes
(epstopdf)             Output file: <osc1_lfforce_K_256_Lx_128_tf_1_pt5e4-eps-c
onverted-to.pdf>
(epstopdf)                    date: 2018-09-26 13:15:20
(epstopdf)                    size: 259132 bytes
(epstopdf)             Command: <epstopdf --outfile=osc1_lfforce_K_256_Lx_128_t
f_1_pt5e4-eps-converted-to.pdf osc1_lfforce_K_256_Lx_128_tf_1_pt5e4.eps>
(epstopdf)             \includegraphics on input line 270.
Package epstopdf Info: Output file is already uptodate.

<osc1_lfforce_K_256_Lx_128_tf_1_pt5e4-eps-converted-to.pdf, id=57, 714.67pt x 4
75.7775pt>
File: osc1_lfforce_K_256_Lx_128_tf_1_pt5e4-eps-converted-to.pdf Graphic file (t
ype pdf)
 <use osc1_lfforce_K_256_Lx_128_tf_1_pt5e4-eps-converted-to.pdf>
Package pdftex.def Info: osc1_lfforce_K_256_Lx_128_tf_1_pt5e4-eps-converted-to.
pdf used on input line 270.
(pdftex.def)             Requested size: 238.67743pt x 158.89459pt.
Package epstopdf Info: Source file: <osc2_lfforce_K_256_Lx_128_tf_1_pt5e4.eps>
(epstopdf)                    date: 2018-09-26 13:06:41
(epstopdf)                    size: 525649 bytes
(epstopdf)             Output file: <osc2_lfforce_K_256_Lx_128_tf_1_pt5e4-eps-c
onverted-to.pdf>
(epstopdf)                    date: 2018-09-26 13:15:21
(epstopdf)                    size: 324666 bytes
(epstopdf)             Command: <epstopdf --outfile=osc2_lfforce_K_256_Lx_128_t
f_1_pt5e4-eps-converted-to.pdf osc2_lfforce_K_256_Lx_128_tf_1_pt5e4.eps>
(epstopdf)             \includegraphics on input line 270.
Package epstopdf Info: Output file is already uptodate.

<osc2_lfforce_K_256_Lx_128_tf_1_pt5e4-eps-converted-to.pdf, id=58, 714.67pt x 4
75.7775pt>
File: osc2_lfforce_K_256_Lx_128_tf_1_pt5e4-eps-converted-to.pdf Graphic file (t
ype pdf)
 <use osc2_lfforce_K_256_Lx_128_tf_1_pt5e4-eps-converted-to.pdf>
Package pdftex.def Info: osc2_lfforce_K_256_Lx_128_tf_1_pt5e4-eps-converted-to.
pdf used on input line 270.
(pdftex.def)             Requested size: 238.67743pt x 158.89459pt.
Package epstopdf Info: Source file: <osc3_lfforce_K_256_Lx_128_tf_1_pt5e4.eps>
(epstopdf)                    date: 2018-09-26 13:07:18
(epstopdf)                    size: 646158 bytes
(epstopdf)             Output file: <osc3_lfforce_K_256_Lx_128_tf_1_pt5e4-eps-c
onverted-to.pdf>
(epstopdf)                    date: 2018-09-26 13:15:22
(epstopdf)                    size: 397712 bytes
(epstopdf)             Command: <epstopdf --outfile=osc3_lfforce_K_256_Lx_128_t
f_1_pt5e4-eps-converted-to.pdf osc3_lfforce_K_256_Lx_128_tf_1_pt5e4.eps>
(epstopdf)             \includegraphics on input line 272.
Package epstopdf Info: Output file is already uptodate.

<osc3_lfforce_K_256_Lx_128_tf_1_pt5e4-eps-converted-to.pdf, id=59, 714.67pt x 4
75.7775pt>
File: osc3_lfforce_K_256_Lx_128_tf_1_pt5e4-eps-converted-to.pdf Graphic file (t
ype pdf)
 <use osc3_lfforce_K_256_Lx_128_tf_1_pt5e4-eps-converted-to.pdf>
Package pdftex.def Info: osc3_lfforce_K_256_Lx_128_tf_1_pt5e4-eps-converted-to.
pdf used on input line 272.
(pdftex.def)             Requested size: 238.67743pt x 158.89459pt.

Overfull \hbox (6.00485pt too wide) in paragraph at lines 267--275
 []$[]$ 
 []

[11] [12 <D:/My Documents/Desktop/wwt_Git_Clone/write_up/amplitude_wwt_K_256_Lx
_128_tf_1pt5e4-eps-converted-to.pdf> <D:/My Documents/Desktop/wwt_Git_Clone/wri
te_up/mean_wwt_K_256_Lx_128_tf_1pt5e4-eps-converted-to.pdf> <D:/My Documents/De
sktop/wwt_Git_Clone/write_up/osc1_wwtforce_K_256_Lx_128_tf_1_pt5e4-eps-converte
d-to.pdf> <D:/My Documents/Desktop/wwt_Git_Clone/write_up/osc2_wwtforce_K_256_L
x_128_tf_1_pt5e4-eps-converted-to.pdf> <D:/My Documents/Desktop/wwt_Git_Clone/w
rite_up/osc3_wwtforce_K_256_Lx_128_tf_1_pt5e4-eps-converted-to.pdf>]
Package epstopdf Info: Source file: <amplitude_hfforce_K_256_Lx_128_tf_2e4.eps>

(epstopdf)                    date: 2018-09-26 16:17:18
(epstopdf)                    size: 1066194 bytes
(epstopdf)             Output file: <amplitude_hfforce_K_256_Lx_128_tf_2e4-eps-
converted-to.pdf>
(epstopdf)                    date: 2018-09-26 16:25:37
(epstopdf)                    size: 94011 bytes
(epstopdf)             Command: <epstopdf --outfile=amplitude_hfforce_K_256_Lx_
128_tf_2e4-eps-converted-to.pdf amplitude_hfforce_K_256_Lx_128_tf_2e4.eps>
(epstopdf)             \includegraphics on input line 286.
Package epstopdf Info: Output file is already uptodate.

<amplitude_hfforce_K_256_Lx_128_tf_2e4-eps-converted-to.pdf, id=98, 714.67pt x 
432.61626pt>
File: amplitude_hfforce_K_256_Lx_128_tf_2e4-eps-converted-to.pdf Graphic file (
type pdf)
 <use amplitude_hfforce_K_256_Lx_128_tf_2e4-eps-converted-to.pdf>
Package pdftex.def Info: amplitude_hfforce_K_256_Lx_128_tf_2e4-eps-converted-to
.pdf used on input line 286.
(pdftex.def)             Requested size: 245.69714pt x 148.73128pt.
Package epstopdf Info: Source file: <mean_hfforce_K_256_Lx_128_tf_2e4.eps>
(epstopdf)                    date: 2018-09-26 16:15:56
(epstopdf)                    size: 146524 bytes
(epstopdf)             Output file: <mean_hfforce_K_256_Lx_128_tf_2e4-eps-conve
rted-to.pdf>
(epstopdf)                    date: 2018-09-26 16:25:37
(epstopdf)                    size: 110044 bytes
(epstopdf)             Command: <epstopdf --outfile=mean_hfforce_K_256_Lx_128_t
f_2e4-eps-converted-to.pdf mean_hfforce_K_256_Lx_128_tf_2e4.eps>
(epstopdf)             \includegraphics on input line 286.
Package epstopdf Info: Output file is already uptodate.

<mean_hfforce_K_256_Lx_128_tf_2e4-eps-converted-to.pdf, id=99, 714.67pt x 432.6
1626pt>
File: mean_hfforce_K_256_Lx_128_tf_2e4-eps-converted-to.pdf Graphic file (type 
pdf)
 <use mean_hfforce_K_256_Lx_128_tf_2e4-eps-converted-to.pdf>
Package pdftex.def Info: mean_hfforce_K_256_Lx_128_tf_2e4-eps-converted-to.pdf 
used on input line 286.
(pdftex.def)             Requested size: 238.67743pt x 144.4801pt.
Package epstopdf Info: Source file: <osc1_hfforce_K_256_Lx_128_tf_2e4.eps>
(epstopdf)                    date: 2018-09-26 16:19:21
(epstopdf)                    size: 288586 bytes
(epstopdf)             Output file: <osc1_hfforce_K_256_Lx_128_tf_2e4-eps-conve
rted-to.pdf>
(epstopdf)                    date: 2018-09-26 16:25:38
(epstopdf)                    size: 208273 bytes
(epstopdf)             Command: <epstopdf --outfile=osc1_hfforce_K_256_Lx_128_t
f_2e4-eps-converted-to.pdf osc1_hfforce_K_256_Lx_128_tf_2e4.eps>
(epstopdf)             \includegraphics on input line 288.
Package epstopdf Info: Output file is already uptodate.

<osc1_hfforce_K_256_Lx_128_tf_2e4-eps-converted-to.pdf, id=100, 714.67pt x 432.
61626pt>
File: osc1_hfforce_K_256_Lx_128_tf_2e4-eps-converted-to.pdf Graphic file (type 
pdf)
 <use osc1_hfforce_K_256_Lx_128_tf_2e4-eps-converted-to.pdf>
Package pdftex.def Info: osc1_hfforce_K_256_Lx_128_tf_2e4-eps-converted-to.pdf 
used on input line 288.
(pdftex.def)             Requested size: 245.69714pt x 148.73128pt.
Package epstopdf Info: Source file: <osc2_hfforce_K_256_Lx_128_tf_2e4.eps>
(epstopdf)                    date: 2018-09-26 16:20:16
(epstopdf)                    size: 350158 bytes
(epstopdf)             Output file: <osc2_hfforce_K_256_Lx_128_tf_2e4-eps-conve
rted-to.pdf>
(epstopdf)                    date: 2018-09-26 16:25:39
(epstopdf)                    size: 243857 bytes
(epstopdf)             Command: <epstopdf --outfile=osc2_hfforce_K_256_Lx_128_t
f_2e4-eps-converted-to.pdf osc2_hfforce_K_256_Lx_128_tf_2e4.eps>
(epstopdf)             \includegraphics on input line 288.
Package epstopdf Info: Output file is already uptodate.

<osc2_hfforce_K_256_Lx_128_tf_2e4-eps-converted-to.pdf, id=101, 714.67pt x 432.
61626pt>
File: osc2_hfforce_K_256_Lx_128_tf_2e4-eps-converted-to.pdf Graphic file (type 
pdf)
 <use osc2_hfforce_K_256_Lx_128_tf_2e4-eps-converted-to.pdf>
Package pdftex.def Info: osc2_hfforce_K_256_Lx_128_tf_2e4-eps-converted-to.pdf 
used on input line 288.
(pdftex.def)             Requested size: 238.67743pt x 144.4801pt.
Package epstopdf Info: Source file: <osc3_hfforce_K_256_Lx_128_tf_2e4.eps>
(epstopdf)                    date: 2018-09-26 16:20:46
(epstopdf)                    size: 236984 bytes
(epstopdf)             Output file: <osc3_hfforce_K_256_Lx_128_tf_2e4-eps-conve
rted-to.pdf>
(epstopdf)                    date: 2018-09-26 16:25:39
(epstopdf)                    size: 171116 bytes
(epstopdf)             Command: <epstopdf --outfile=osc3_hfforce_K_256_Lx_128_t
f_2e4-eps-converted-to.pdf osc3_hfforce_K_256_Lx_128_tf_2e4.eps>
(epstopdf)             \includegraphics on input line 290.
Package epstopdf Info: Output file is already uptodate.

<osc3_hfforce_K_256_Lx_128_tf_2e4-eps-converted-to.pdf, id=102, 714.67pt x 432.
61626pt>
File: osc3_hfforce_K_256_Lx_128_tf_2e4-eps-converted-to.pdf Graphic file (type 
pdf)
 <use osc3_hfforce_K_256_Lx_128_tf_2e4-eps-converted-to.pdf>
Package pdftex.def Info: osc3_hfforce_K_256_Lx_128_tf_2e4-eps-converted-to.pdf 
used on input line 290.
(pdftex.def)             Requested size: 245.69714pt x 148.73128pt.

Overfull \hbox (13.02457pt too wide) in paragraph at lines 285--293
 []$[]$ 
 []

[13 <D:/My Documents/Desktop/wwt_Git_Clone/write_up/amplitude_lfforce_K_256_Lx_
128_tf_1pt5e4-eps-converted-to.pdf> <D:/My Documents/Desktop/wwt_Git_Clone/writ
e_up/mean_lfforce_K_256_Lx_128_tf_1_pt5e4-eps-converted-to.pdf> <D:/My Document
s/Desktop/wwt_Git_Clone/write_up/osc1_lfforce_K_256_Lx_128_tf_1_pt5e4-eps-conve
rted-to.pdf> <D:/My Documents/Desktop/wwt_Git_Clone/write_up/osc2_lfforce_K_256
_Lx_128_tf_1_pt5e4-eps-converted-to.pdf> <D:/My Documents/Desktop/wwt_Git_Clone
/write_up/osc3_lfforce_K_256_Lx_128_tf_1_pt5e4-eps-converted-to.pdf>]
Package epstopdf Info: Source file: <bvals_vs_real_lam_wwtforce_K_256_Lx_128_tf
_1_pt5e4.eps>
(epstopdf)                    date: 2018-09-26 12:02:05
(epstopdf)                    size: 50950 bytes
(epstopdf)             Output file: <bvals_vs_real_lam_wwtforce_K_256_Lx_128_tf
_1_pt5e4-eps-converted-to.pdf>
(epstopdf)                    date: 2018-09-26 13:15:24
(epstopdf)                    size: 27802 bytes
(epstopdf)             Command: <epstopdf --outfile=bvals_vs_real_lam_wwtforce_
K_256_Lx_128_tf_1_pt5e4-eps-converted-to.pdf bvals_vs_real_lam_wwtforce_K_256_L
x_128_tf_1_pt5e4.eps>
(epstopdf)             \includegraphics on input line 302.
Package epstopdf Info: Output file is already uptodate.

<bvals_vs_real_lam_wwtforce_K_256_Lx_128_tf_1_pt5e4-eps-converted-to.pdf, id=13
7, 714.67pt x 475.7775pt>
File: bvals_vs_real_lam_wwtforce_K_256_Lx_128_tf_1_pt5e4-eps-converted-to.pdf G
raphic file (type pdf)

<use bvals_vs_real_lam_wwtforce_K_256_Lx_128_tf_1_pt5e4-eps-converted-to.pdf>
Package pdftex.def Info: bvals_vs_real_lam_wwtforce_K_256_Lx_128_tf_1_pt5e4-eps
-converted-to.pdf used on input line 302.
(pdftex.def)             Requested size: 245.69714pt x 163.56989pt.
Package epstopdf Info: Source file: <bvals_vs_imag_lam_wwtforce_K_256_Lx_128_tf
_1_pt5e4.eps>
(epstopdf)                    date: 2018-09-26 12:02:28
(epstopdf)                    size: 48820 bytes
(epstopdf)             Output file: <bvals_vs_imag_lam_wwtforce_K_256_Lx_128_tf
_1_pt5e4-eps-converted-to.pdf>
(epstopdf)                    date: 2018-09-26 13:15:25
(epstopdf)                    size: 27709 bytes
(epstopdf)             Command: <epstopdf --outfile=bvals_vs_imag_lam_wwtforce_
K_256_Lx_128_tf_1_pt5e4-eps-converted-to.pdf bvals_vs_imag_lam_wwtforce_K_256_L
x_128_tf_1_pt5e4.eps>
(epstopdf)             \includegraphics on input line 302.
Package epstopdf Info: Output file is already uptodate.

<bvals_vs_imag_lam_wwtforce_K_256_Lx_128_tf_1_pt5e4-eps-converted-to.pdf, id=13
8, 714.67pt x 475.7775pt>
File: bvals_vs_imag_lam_wwtforce_K_256_Lx_128_tf_1_pt5e4-eps-converted-to.pdf G
raphic file (type pdf)

<use bvals_vs_imag_lam_wwtforce_K_256_Lx_128_tf_1_pt5e4-eps-converted-to.pdf>
Package pdftex.def Info: bvals_vs_imag_lam_wwtforce_K_256_Lx_128_tf_1_pt5e4-eps
-converted-to.pdf used on input line 302.
(pdftex.def)             Requested size: 245.69714pt x 163.56989pt.
Package epstopdf Info: Source file: <bvals_vs_real_lam_lfforce_K_256_Lx_128_tf_
1_pt5e4.eps>
(epstopdf)                    date: 2018-09-26 13:04:12
(epstopdf)                    size: 51409 bytes
(epstopdf)             Output file: <bvals_vs_real_lam_lfforce_K_256_Lx_128_tf_
1_pt5e4-eps-converted-to.pdf>
(epstopdf)                    date: 2018-09-26 13:15:25
(epstopdf)                    size: 28130 bytes
(epstopdf)             Command: <epstopdf --outfile=bvals_vs_real_lam_lfforce_K
_256_Lx_128_tf_1_pt5e4-eps-converted-to.pdf bvals_vs_real_lam_lfforce_K_256_Lx_
128_tf_1_pt5e4.eps>
(epstopdf)             \includegraphics on input line 304.
Package epstopdf Info: Output file is already uptodate.

<bvals_vs_real_lam_lfforce_K_256_Lx_128_tf_1_pt5e4-eps-converted-to.pdf, id=139
, 714.67pt x 475.7775pt>
File: bvals_vs_real_lam_lfforce_K_256_Lx_128_tf_1_pt5e4-eps-converted-to.pdf Gr
aphic file (type pdf)

<use bvals_vs_real_lam_lfforce_K_256_Lx_128_tf_1_pt5e4-eps-converted-to.pdf>
Package pdftex.def Info: bvals_vs_real_lam_lfforce_K_256_Lx_128_tf_1_pt5e4-eps-
converted-to.pdf used on input line 304.
(pdftex.def)             Requested size: 245.69714pt x 163.56989pt.
Package epstopdf Info: Source file: <bvals_vs_imag_lam_lfforce_K_256_Lx_128_tf_
1_pt5e4.eps>
(epstopdf)                    date: 2018-09-26 13:05:02
(epstopdf)                    size: 49438 bytes
(epstopdf)             Output file: <bvals_vs_imag_lam_lfforce_K_256_Lx_128_tf_
1_pt5e4-eps-converted-to.pdf>
(epstopdf)                    date: 2018-09-26 13:15:26
(epstopdf)                    size: 28094 bytes
(epstopdf)             Command: <epstopdf --outfile=bvals_vs_imag_lam_lfforce_K
_256_Lx_128_tf_1_pt5e4-eps-converted-to.pdf bvals_vs_imag_lam_lfforce_K_256_Lx_
128_tf_1_pt5e4.eps>
(epstopdf)             \includegraphics on input line 304.
Package epstopdf Info: Output file is already uptodate.

<bvals_vs_imag_lam_lfforce_K_256_Lx_128_tf_1_pt5e4-eps-converted-to.pdf, id=140
, 714.67pt x 475.7775pt>
File: bvals_vs_imag_lam_lfforce_K_256_Lx_128_tf_1_pt5e4-eps-converted-to.pdf Gr
aphic file (type pdf)

<use bvals_vs_imag_lam_lfforce_K_256_Lx_128_tf_1_pt5e4-eps-converted-to.pdf>
Package pdftex.def Info: bvals_vs_imag_lam_lfforce_K_256_Lx_128_tf_1_pt5e4-eps-
converted-to.pdf used on input line 304.
(pdftex.def)             Requested size: 245.69714pt x 163.56989pt.
Package epstopdf Info: Source file: <bvals_vs_real_lam_hfforce_K_256_Lx_128_tf_
2e4.eps>
(epstopdf)                    date: 2018-09-26 16:18:02
(epstopdf)                    size: 63552 bytes
(epstopdf)             Output file: <bvals_vs_real_lam_hfforce_K_256_Lx_128_tf_
2e4-eps-converted-to.pdf>
(epstopdf)                    date: 2018-09-26 16:25:40
(epstopdf)                    size: 36743 bytes
(epstopdf)             Command: <epstopdf --outfile=bvals_vs_real_lam_hfforce_K
_256_Lx_128_tf_2e4-eps-converted-to.pdf bvals_vs_real_lam_hfforce_K_256_Lx_128_
tf_2e4.eps>
(epstopdf)             \includegraphics on input line 306.
Package epstopdf Info: Output file is already uptodate.

<bvals_vs_real_lam_hfforce_K_256_Lx_128_tf_2e4-eps-converted-to.pdf, id=141, 71
4.67pt x 432.61626pt>
File: bvals_vs_real_lam_hfforce_K_256_Lx_128_tf_2e4-eps-converted-to.pdf Graphi
c file (type pdf)

<use bvals_vs_real_lam_hfforce_K_256_Lx_128_tf_2e4-eps-converted-to.pdf>
Package pdftex.def Info: bvals_vs_real_lam_hfforce_K_256_Lx_128_tf_2e4-eps-conv
erted-to.pdf used on input line 306.
(pdftex.def)             Requested size: 245.69714pt x 148.73128pt.
Package epstopdf Info: Source file: <bvals_vs_imag_lam_hfforce_K_256_Lx_128_tf_
2e4.eps>
(epstopdf)                    date: 2018-09-26 16:18:31
(epstopdf)                    size: 61425 bytes
(epstopdf)             Output file: <bvals_vs_imag_lam_hfforce_K_256_Lx_128_tf_
2e4-eps-converted-to.pdf>
(epstopdf)                    date: 2018-09-26 16:25:41
(epstopdf)                    size: 37356 bytes
(epstopdf)             Command: <epstopdf --outfile=bvals_vs_imag_lam_hfforce_K
_256_Lx_128_tf_2e4-eps-converted-to.pdf bvals_vs_imag_lam_hfforce_K_256_Lx_128_
tf_2e4.eps>
(epstopdf)             \includegraphics on input line 306.
Package epstopdf Info: Output file is already uptodate.

<bvals_vs_imag_lam_hfforce_K_256_Lx_128_tf_2e4-eps-converted-to.pdf, id=142, 71
4.67pt x 432.61626pt>
File: bvals_vs_imag_lam_hfforce_K_256_Lx_128_tf_2e4-eps-converted-to.pdf Graphi
c file (type pdf)

<use bvals_vs_imag_lam_hfforce_K_256_Lx_128_tf_2e4-eps-converted-to.pdf>
Package pdftex.def Info: bvals_vs_imag_lam_hfforce_K_256_Lx_128_tf_2e4-eps-conv
erted-to.pdf used on input line 306.
(pdftex.def)             Requested size: 245.69714pt x 148.73128pt.

Overfull \hbox (10.04428pt too wide) in paragraph at lines 301--309
 []$[]$ 
 []

[14] [15 <D:/My Documents/Desktop/wwt_Git_Clone/write_up/amplitude_hfforce_K_25
6_Lx_128_tf_2e4-eps-converted-to.pdf> <D:/My Documents/Desktop/wwt_Git_Clone/wr
ite_up/mean_hfforce_K_256_Lx_128_tf_2e4-eps-converted-to.pdf> <D:/My Documents/
Desktop/wwt_Git_Clone/write_up/osc1_hfforce_K_256_Lx_128_tf_2e4-eps-converted-t
o.pdf> <D:/My Documents/Desktop/wwt_Git_Clone/write_up/osc2_hfforce_K_256_Lx_12
8_tf_2e4-eps-converted-to.pdf> <D:/My Documents/Desktop/wwt_Git_Clone/write_up/
osc3_hfforce_K_256_Lx_128_tf_2e4-eps-converted-to.pdf>] [16 <D:/My Documents/De
sktop/wwt_Git_Clone/write_up/bvals_vs_real_lam_wwtforce_K_256_Lx_128_tf_1_pt5e4
-eps-converted-to.pdf> <D:/My Documents/Desktop/wwt_Git_Clone/write_up/bvals_vs
_imag_lam_wwtforce_K_256_Lx_128_tf_1_pt5e4-eps-converted-to.pdf> <D:/My Documen
ts/Desktop/wwt_Git_Clone/write_up/bvals_vs_real_lam_lfforce_K_256_Lx_128_tf_1_p
t5e4-eps-converted-to.pdf> <D:/My Documents/Desktop/wwt_Git_Clone/write_up/bval
s_vs_imag_lam_lfforce_K_256_Lx_128_tf_1_pt5e4-eps-converted-to.pdf> <D:/My Docu
ments/Desktop/wwt_Git_Clone/write_up/bvals_vs_real_lam_hfforce_K_256_Lx_128_tf_
2e4-eps-converted-to.pdf> <D:/My Documents/Desktop/wwt_Git_Clone/write_up/bvals
_vs_imag_lam_hfforce_K_256_Lx_128_tf_2e4-eps-converted-to.pdf>]
Package epstopdf Info: Source file: <cratio_wwt_K_256_Lx_128_tf_1pt5e4.eps>
(epstopdf)                    date: 2018-11-06 11:11:31
(epstopdf)                    size: 35673 bytes
(epstopdf)             Output file: <cratio_wwt_K_256_Lx_128_tf_1pt5e4-eps-conv
erted-to.pdf>
(epstopdf)                    date: 2018-11-06 11:14:51
(epstopdf)                    size: 12126 bytes
(epstopdf)             Command: <epstopdf --outfile=cratio_wwt_K_256_Lx_128_tf_
1pt5e4-eps-converted-to.pdf cratio_wwt_K_256_Lx_128_tf_1pt5e4.eps>
(epstopdf)             \includegraphics on input line 319.
Package epstopdf Info: Output file is already uptodate.

<cratio_wwt_K_256_Lx_128_tf_1pt5e4-eps-converted-to.pdf, id=200, 714.67pt x 480
.79625pt>
File: cratio_wwt_K_256_Lx_128_tf_1pt5e4-eps-converted-to.pdf Graphic file (type
 pdf)
 <use cratio_wwt_K_256_Lx_128_tf_1pt5e4-eps-converted-to.pdf>
Package pdftex.def Info: cratio_wwt_K_256_Lx_128_tf_1pt5e4-eps-converted-to.pdf
 used on input line 319.
(pdftex.def)             Requested size: 245.69714pt x 165.2953pt.
Package epstopdf Info: Source file: <oratio_wwt_K_256_Lx_128_tf_1pt5e4.eps>
(epstopdf)                    date: 2018-11-06 11:14:10
(epstopdf)                    size: 35197 bytes
(epstopdf)             Output file: <oratio_wwt_K_256_Lx_128_tf_1pt5e4-eps-conv
erted-to.pdf>
(epstopdf)                    date: 2018-11-06 11:14:51
(epstopdf)                    size: 13030 bytes
(epstopdf)             Command: <epstopdf --outfile=oratio_wwt_K_256_Lx_128_tf_
1pt5e4-eps-converted-to.pdf oratio_wwt_K_256_Lx_128_tf_1pt5e4.eps>
(epstopdf)             \includegraphics on input line 319.
Package epstopdf Info: Output file is already uptodate.

<oratio_wwt_K_256_Lx_128_tf_1pt5e4-eps-converted-to.pdf, id=201, 714.67pt x 480
.79625pt>
File: oratio_wwt_K_256_Lx_128_tf_1pt5e4-eps-converted-to.pdf Graphic file (type
 pdf)
 <use oratio_wwt_K_256_Lx_128_tf_1pt5e4-eps-converted-to.pdf>
Package pdftex.def Info: oratio_wwt_K_256_Lx_128_tf_1pt5e4-eps-converted-to.pdf
 used on input line 319.
(pdftex.def)             Requested size: 245.69714pt x 165.2953pt.
Package epstopdf Info: Source file: <cratio_lfforce_K_256_Lx_128_tf_1pt5e4.eps>

(epstopdf)                    date: 2018-11-06 12:09:18
(epstopdf)                    size: 35646 bytes
(epstopdf)             Output file: <cratio_lfforce_K_256_Lx_128_tf_1pt5e4-eps-
converted-to.pdf>
(epstopdf)                    date: 2018-11-06 12:10:29
(epstopdf)                    size: 11797 bytes
(epstopdf)             Command: <epstopdf --outfile=cratio_lfforce_K_256_Lx_128
_tf_1pt5e4-eps-converted-to.pdf cratio_lfforce_K_256_Lx_128_tf_1pt5e4.eps>
(epstopdf)             \includegraphics on input line 321.
Package epstopdf Info: Output file is already uptodate.

<cratio_lfforce_K_256_Lx_128_tf_1pt5e4-eps-converted-to.pdf, id=202, 714.67pt x
 436.63126pt>
File: cratio_lfforce_K_256_Lx_128_tf_1pt5e4-eps-converted-to.pdf Graphic file (
type pdf)
 <use cratio_lfforce_K_256_Lx_128_tf_1pt5e4-eps-converted-to.pdf>
Package pdftex.def Info: cratio_lfforce_K_256_Lx_128_tf_1pt5e4-eps-converted-to
.pdf used on input line 321.
(pdftex.def)             Requested size: 245.69714pt x 150.1116pt.
Package epstopdf Info: Source file: <oratio_lfforce_K_256_Lx_128_tf_1pt5e4.eps>

(epstopdf)                    date: 2018-11-06 12:09:53
(epstopdf)                    size: 34058 bytes
(epstopdf)             Output file: <oratio_lfforce_K_256_Lx_128_tf_1pt5e4-eps-
converted-to.pdf>
(epstopdf)                    date: 2018-11-06 12:10:30
(epstopdf)                    size: 12326 bytes
(epstopdf)             Command: <epstopdf --outfile=oratio_lfforce_K_256_Lx_128
_tf_1pt5e4-eps-converted-to.pdf oratio_lfforce_K_256_Lx_128_tf_1pt5e4.eps>
(epstopdf)             \includegraphics on input line 321.
Package epstopdf Info: Output file is already uptodate.

<oratio_lfforce_K_256_Lx_128_tf_1pt5e4-eps-converted-to.pdf, id=203, 714.67pt x
 436.63126pt>
File: oratio_lfforce_K_256_Lx_128_tf_1pt5e4-eps-converted-to.pdf Graphic file (
type pdf)
 <use oratio_lfforce_K_256_Lx_128_tf_1pt5e4-eps-converted-to.pdf>
Package pdftex.def Info: oratio_lfforce_K_256_Lx_128_tf_1pt5e4-eps-converted-to
.pdf used on input line 321.
(pdftex.def)             Requested size: 245.69714pt x 150.1116pt.
Package epstopdf Info: Source file: <cratio_hfforce_K_256_Lx_128_tf_2e4.eps>
(epstopdf)                    date: 2018-11-06 10:12:48
(epstopdf)                    size: 41329 bytes
(epstopdf)             Output file: <cratio_hfforce_K_256_Lx_128_tf_2e4-eps-con
verted-to.pdf>
(epstopdf)                    date: 2018-11-06 10:15:04
(epstopdf)                    size: 15076 bytes
(epstopdf)             Command: <epstopdf --outfile=cratio_hfforce_K_256_Lx_128
_tf_2e4-eps-converted-to.pdf cratio_hfforce_K_256_Lx_128_tf_2e4.eps>
(epstopdf)             \includegraphics on input line 323.
Package epstopdf Info: Output file is already uptodate.

<cratio_hfforce_K_256_Lx_128_tf_2e4-eps-converted-to.pdf, id=204, 714.67pt x 43
6.63126pt>
File: cratio_hfforce_K_256_Lx_128_tf_2e4-eps-converted-to.pdf Graphic file (typ
e pdf)
 <use cratio_hfforce_K_256_Lx_128_tf_2e4-eps-converted-to.pdf>
Package pdftex.def Info: cratio_hfforce_K_256_Lx_128_tf_2e4-eps-converted-to.pd
f used on input line 323.
(pdftex.def)             Requested size: 245.69714pt x 150.1116pt.
Package epstopdf Info: Source file: <oratio_hfforce_K_256_Lx_128_tf_2e4.eps>
(epstopdf)                    date: 2018-11-06 10:13:24
(epstopdf)                    size: 40380 bytes
(epstopdf)             Output file: <oratio_hfforce_K_256_Lx_128_tf_2e4-eps-con
verted-to.pdf>
(epstopdf)                    date: 2018-11-06 10:15:05
(epstopdf)                    size: 15739 bytes
(epstopdf)             Command: <epstopdf --outfile=oratio_hfforce_K_256_Lx_128
_tf_2e4-eps-converted-to.pdf oratio_hfforce_K_256_Lx_128_tf_2e4.eps>
(epstopdf)             \includegraphics on input line 323.
Package epstopdf Info: Output file is already uptodate.

<oratio_hfforce_K_256_Lx_128_tf_2e4-eps-converted-to.pdf, id=205, 714.67pt x 43
6.63126pt>
File: oratio_hfforce_K_256_Lx_128_tf_2e4-eps-converted-to.pdf Graphic file (typ
e pdf)
 <use oratio_hfforce_K_256_Lx_128_tf_2e4-eps-converted-to.pdf>
Package pdftex.def Info: oratio_hfforce_K_256_Lx_128_tf_2e4-eps-converted-to.pd
f used on input line 323.
(pdftex.def)             Requested size: 245.69714pt x 150.1116pt.

Overfull \hbox (10.04428pt too wide) in paragraph at lines 318--326
 []$[]$ 
 []


("D:\My Documents\Desktop\wwt_Git_Clone\write_up\physreve_coherent_structures.b
bl" [17] [18 <D:/My Documents/Desktop/wwt_Git_Clone/write_up/cratio_wwt_K_256_L
x_128_tf_1pt5e4-eps-converted-to.pdf> <D:/My Documents/Desktop/wwt_Git_Clone/wr
ite_up/oratio_wwt_K_256_Lx_128_tf_1pt5e4-eps-converted-to.pdf> <D:/My Documents
/Desktop/wwt_Git_Clone/write_up/cratio_lfforce_K_256_Lx_128_tf_1pt5e4-eps-conve
rted-to.pdf> <D:/My Documents/Desktop/wwt_Git_Clone/write_up/oratio_lfforce_K_2
56_Lx_128_tf_1pt5e4-eps-converted-to.pdf> <D:/My Documents/Desktop/wwt_Git_Clon
e/write_up/cratio_hfforce_K_256_Lx_128_tf_2e4-eps-converted-to.pdf> <D:/My Docu
ments/Desktop/wwt_Git_Clone/write_up/oratio_hfforce_K_256_Lx_128_tf_2e4-eps-con
verted-to.pdf>]) [19]
("D:\My Documents\Desktop\wwt_Git_Clone\write_up\physreve_coherent_structures.a
ux") ) 
Here is how much of TeX's memory you used:
 4611 strings out of 493921
 66645 string characters out of 3147276
 131551 words of memory out of 3000000
 7811 multiletter control sequences out of 15000+200000
 12367 words of font info for 46 fonts, out of 3000000 for 9000
 841 hyphenation exceptions out of 8191
 42i,11n,26p,1554b,346s stack positions out of 5000i,500n,10000p,200000b,50000s
<C:/Program Files/MiKTeX 2.9/fonts/type1/public/amsfonts/cm/cmbx10.pfb><C
:/Program Files/MiKTeX 2.9/fonts/type1/public/amsfonts/cm/cmbx12.pfb><C:/Progra
m Files/MiKTeX 2.9/fonts/type1/public/amsfonts/cm/cmbx6.pfb><C:/Program Files/M
iKTeX 2.9/fonts/type1/public/amsfonts/cm/cmbx8.pfb><C:/Program Files/MiKTeX 2.9
/fonts/type1/public/amsfonts/cm/cmex10.pfb><C:/Program Files/MiKTeX 2.9/fonts/t
ype1/public/amsfonts/cm/cmmi10.pfb><C:/Program Files/MiKTeX 2.9/fonts/type1/pub
lic/amsfonts/cm/cmmi12.pfb><C:/Program Files/MiKTeX 2.9/fonts/type1/public/amsf
onts/cm/cmmi6.pfb><C:/Program Files/MiKTeX 2.9/fonts/type1/public/amsfonts/cm/c
mmi8.pfb><C:/Program Files/MiKTeX 2.9/fonts/type1/public/amsfonts/cm/cmr10.pfb>
<C:/Program Files/MiKTeX 2.9/fonts/type1/public/amsfonts/cm/cmr12.pfb><C:/Progr
am Files/MiKTeX 2.9/fonts/type1/public/amsfonts/cm/cmr6.pfb><C:/Program Files/M
iKTeX 2.9/fonts/type1/public/amsfonts/cm/cmr8.pfb><C:/Program Files/MiKTeX 2.9/
fonts/type1/public/amsfonts/cm/cmsy10.pfb><C:/Program Files/MiKTeX 2.9/fonts/ty
pe1/public/amsfonts/cm/cmsy6.pfb><C:/Program Files/MiKTeX 2.9/fonts/type1/publi
c/amsfonts/cm/cmsy8.pfb><C:/Program Files/MiKTeX 2.9/fonts/type1/public/amsfont
s/cm/cmti10.pfb><C:/Program Files/MiKTeX 2.9/fonts/type1/public/amsfonts/cm/cmt
i12.pfb><C:/Program Files/MiKTeX 2.9/fonts/type1/public/amsfonts/symbols/msbm10
.pfb>
Output written on physreve_coherent_structures.pdf (19 pages, 3477303 bytes).
PDF statistics:
 293 PDF objects out of 1000 (max. 8388607)
 0 named destinations out of 1000 (max. 500000)
 136 words of extra memory for PDF output out of 10000 (max. 10000000)

